[Architectury Transformer] Architectury Runtime 5.2.87
[Architectury Transformer DEBUG] Closed File Systems for /home/mrsterner/IdeaProjects/Building-But-Better/common/build/devlibs/bbb-common-1.0.0-dev.jar
[Architectury Transformer DEBUG] Preparing tiny remapper prepared transformer: dev.architectury.transformer.handler.TinyRemapperPreparedTransformerHandler
[Architectury Transformer DEBUG] Provided 96 classpath jar(s):
[Architectury Transformer DEBUG]  - /home/mrsterner/.gradle/caches/fabric-loom/1.21.1/neoforge/21.1.84/client-extra.jar
[Architectury Transformer DEBUG]  - /home/mrsterner/.gradle/caches/modules-2/files-2.1/dev.architectury/architectury-injectables/1.0.10/62db2a366d662606d1b23ad02ccc3212ed37ec3/architectury-injectables-1.0.10.jar
[Architectury Transformer DEBUG]  - /home/mrsterner/.gradle/caches/modules-2/files-2.1/net.fabricmc/fabric-loader/0.16.10/dbd932c2a3641d2c41cf9abfe47e140a5753fa86/fabric-loader-0.16.10.jar
[Architectury Transformer DEBUG]  - /home/mrsterner/.gradle/caches/modules-2/files-2.1/org.jetbrains/annotations/24.1.0/7af6a669488450c4a07c2c3254e2151df42d7d04/annotations-24.1.0.jar
[Architectury Transformer DEBUG]  - /home/mrsterner/.gradle/caches/modules-2/files-2.1/com.google.code.findbugs/jsr305/3.0.2/25ea2e8b0c338a877313bd4672d3fe056ea78f0d/jsr305-3.0.2.jar
[Architectury Transformer DEBUG]  - /home/mrsterner/.gradle/caches/modules-2/files-2.1/net.neoforged.fancymodloader/earlydisplay/4.0.34/82cbf8b7ca6a85aa66dfb205cb9bdd9fc03b3fc4/earlydisplay-4.0.34.jar
[Architectury Transformer DEBUG]  - /home/mrsterner/.gradle/caches/fabric-loom/forge/transformed-dependencies-v1/net/neoforged/fancymodloader/bead91da46b7da5599ed0ef864d74561520b51fef0f34695393a880bc3280b63/loader/4.0.34/loader-4.0.34.jar
[Architectury Transformer DEBUG]  - /home/mrsterner/.gradle/caches/modules-2/files-2.1/net.neoforged/coremods/7.0.3/9147e6f638b4272b3bd5fc8f92ad37802512c6c/coremods-7.0.3.jar
[Architectury Transformer DEBUG]  - /home/mrsterner/.gradle/caches/modules-2/files-2.1/cpw.mods/modlauncher/11.0.4/6619d4812a3c092310d521ebc4c9503727563df7/modlauncher-11.0.4.jar
[Architectury Transformer DEBUG]  - /home/mrsterner/.gradle/caches/modules-2/files-2.1/cpw.mods/bootstraplauncher/2.0.2/1a2d076cbc33b0520cbacd591224427b2a20047d/bootstraplauncher-2.0.2.jar
[Architectury Transformer DEBUG]  - /home/mrsterner/.gradle/caches/modules-2/files-2.1/cpw.mods/securejarhandler/3.0.8/c0ef95cecd8699a0449053ac7d9c160748d902cd/securejarhandler-3.0.8.jar
[Architectury Transformer DEBUG]  - /home/mrsterner/.gradle/caches/modules-2/files-2.1/net.neoforged.accesstransformers/at-modlauncher/10.0.1/5aba50202aceead086bc09fbc2751c9f05cb4890/at-modlauncher-10.0.1.jar
[Architectury Transformer DEBUG]  - /home/mrsterner/.gradle/caches/modules-2/files-2.1/net.neoforged/accesstransformers/10.0.1/fd83b5725f76eae9115e9355fa1c456a6a441400/accesstransformers-10.0.1.jar
[Architectury Transformer DEBUG]  - /home/mrsterner/.gradle/caches/modules-2/files-2.1/org.openjdk.nashorn/nashorn-core/15.4/f67f5ffaa5f5130cf6fb9b133da00c7df3b532a5/nashorn-core-15.4.jar
[Architectury Transformer DEBUG]  - /home/mrsterner/.gradle/caches/modules-2/files-2.1/org.ow2.asm/asm-commons/9.7/e86dda4696d3c185fcc95d8d311904e7ce38a53f/asm-commons-9.7.jar
[Architectury Transformer DEBUG]  - /home/mrsterner/.gradle/caches/modules-2/files-2.1/net.neoforged/mergetool/2.0.3/1275202cbbb248f49345cf6787ce299afd9a02fb/mergetool-2.0.3-api.jar
[Architectury Transformer DEBUG]  - /home/mrsterner/.gradle/caches/modules-2/files-2.1/org.ow2.asm/asm-util/9.7/c0655519f24d92af2202cb681cd7c1569df6ead6/asm-util-9.7.jar
[Architectury Transformer DEBUG]  - /home/mrsterner/.gradle/caches/modules-2/files-2.1/org.ow2.asm/asm-analysis/9.7/e4a258b7eb96107106c0599f0061cfc1832fe07a/asm-analysis-9.7.jar
[Architectury Transformer DEBUG]  - /home/mrsterner/.gradle/caches/modules-2/files-2.1/org.ow2.asm/asm-tree/9.7/e446a17b175bfb733b87c5c2560ccb4e57d69f1a/asm-tree-9.7.jar
[Architectury Transformer DEBUG]  - /home/mrsterner/.gradle/caches/modules-2/files-2.1/net.neoforged/bus/8.0.2/163c9ef7c4bcca6d850c34e95261b606af91fe06/bus-8.0.2.jar
[Architectury Transformer DEBUG]  - /home/mrsterner/.gradle/caches/modules-2/files-2.1/org.ow2.asm/asm/9.7/73d7b3086e14beb604ced229c302feff6449723/asm-9.7.jar
[Architectury Transformer DEBUG]  - /home/mrsterner/.gradle/caches/modules-2/files-2.1/com.electronwill.night-config/toml/3.8.0/861dbcf2757dd6701c98b3949198549ccb5f62ff/toml-3.8.0.jar
[Architectury Transformer DEBUG]  - /home/mrsterner/.gradle/caches/modules-2/files-2.1/com.electronwill.night-config/core/3.8.0/2498dd2b3120dd49e963e2feab8fa5d0c5f80e0a/core-3.8.0.jar
[Architectury Transformer DEBUG]  - /home/mrsterner/.gradle/caches/modules-2/files-2.1/net.neoforged/JarJarSelector/0.4.1/fb3cc7a58af22ad2880adb98af6d518128c47dae/JarJarSelector-0.4.1.jar
[Architectury Transformer DEBUG]  - /home/mrsterner/.gradle/caches/modules-2/files-2.1/net.neoforged/JarJarMetadata/0.4.1/f8da03683dc81694556dc3e177c5e3bb77ae6fcb/JarJarMetadata-0.4.1.jar
[Architectury Transformer DEBUG]  - /home/mrsterner/.gradle/caches/modules-2/files-2.1/org.apache.maven/maven-artifact/3.8.5/4433f50c07debefaed0553bd0068f4f48d449313/maven-artifact-3.8.5.jar
[Architectury Transformer DEBUG]  - /home/mrsterner/.gradle/caches/modules-2/files-2.1/net.jodah/typetools/0.6.3/a01aaa6ddaea9ec07ec4f209487b7a46a526283a/typetools-0.6.3.jar
[Architectury Transformer DEBUG]  - /home/mrsterner/.gradle/caches/modules-2/files-2.1/net.minecrell/terminalconsoleappender/1.3.0/b562e9bb61235c9520e26282cdee71f8f802d1fc/terminalconsoleappender-1.3.0.jar
[Architectury Transformer DEBUG]  - /home/mrsterner/.gradle/caches/modules-2/files-2.1/net.fabricmc/sponge-mixin/0.15.2+mixin.0.8.7/2af2f021d8e02a0220dc27a7a72b4666d66d44ca/sponge-mixin-0.15.2+mixin.0.8.7.jar
[Architectury Transformer DEBUG]  - /home/mrsterner/.gradle/caches/modules-2/files-2.1/org.apache.commons/commons-lang3/3.14.0/1ed471194b02f2c6cb734a0cd6f6f107c673afae/commons-lang3-3.14.0.jar
[Architectury Transformer DEBUG]  - /home/mrsterner/.gradle/caches/modules-2/files-2.1/com.mojang/logging/1.2.7/24cb95ffb0e3433fd6e844c04e68009e504ca1c0/logging-1.2.7.jar
[Architectury Transformer DEBUG]  - /home/mrsterner/.gradle/caches/modules-2/files-2.1/org.apache.logging.log4j/log4j-slf4j2-impl/2.22.1/d7e6693c2606cb7e7335047d7bb96dec52db5665/log4j-slf4j2-impl-2.22.1.jar
[Architectury Transformer DEBUG]  - /home/mrsterner/.gradle/caches/modules-2/files-2.1/org.apache.logging.log4j/log4j-core/2.22.1/7183a25510a02ad00cc6a95d3b3d2a7d3c5a8dc4/log4j-core-2.22.1.jar
[Architectury Transformer DEBUG]  - /home/mrsterner/.gradle/caches/modules-2/files-2.1/io.github.juuxel/unprotect/1.2.0/49cc229a0469f28fae41593a9537743ac6a951dc/unprotect-1.2.0.jar
[Architectury Transformer DEBUG]  - /home/mrsterner/.gradle/caches/modules-2/files-2.1/org.apache.logging.log4j/log4j-api/2.22.1/bea6fede6328fabafd7e68363161a7ea6605abd1/log4j-api-2.22.1.jar
[Architectury Transformer DEBUG]  - /home/mrsterner/.gradle/caches/modules-2/files-2.1/net.neoforged/neoform/1.21.1-20240808.144430/811e2bd86fa2cda2812e5e8e51d718ea8bd6d3f4/neoform-1.21.1-20240808.144430.zip
[Architectury Transformer DEBUG]  - /home/mrsterner/.gradle/caches/modules-2/files-2.1/net.neoforged/JarJarFileSystems/0.4.1/78f59f89defcd032ed788b151ca6a0d40ace796a/JarJarFileSystems-0.4.1.jar
[Architectury Transformer DEBUG]  - /home/mrsterner/.gradle/caches/modules-2/files-2.1/io.github.llamalad7/mixinextras-neoforge/0.4.1/eff97772ecd0dcf8e52cdbafd3b3ccec425f8314/mixinextras-neoforge-0.4.1.jar
[Architectury Transformer DEBUG]  - /home/mrsterner/.gradle/caches/modules-2/files-2.1/org.slf4j/slf4j-api/2.0.9/7cf2726fdcfbc8610f9a71fb3ed639871f315340/slf4j-api-2.0.9.jar
[Architectury Transformer DEBUG]  - /home/mrsterner/.gradle/caches/modules-2/files-2.1/com.google.code.gson/gson/2.10.1/b3add478d4382b78ea20b1671390a858002feb6c/gson-2.10.1.jar
[Architectury Transformer DEBUG]  - /home/mrsterner/.gradle/caches/modules-2/files-2.1/com.google.guava/guava/32.1.2-jre/5e64ec7e056456bef3a4bc4c6fdaef71e8ab6318/guava-32.1.2-jre.jar
[Architectury Transformer DEBUG]  - /home/mrsterner/.gradle/caches/modules-2/files-2.1/com.google.guava/failureaccess/1.0.1/1dcf1de382a0bf95a3d8b0849546c88bac1292c9/failureaccess-1.0.1.jar
[Architectury Transformer DEBUG]  - /home/mrsterner/.gradle/caches/modules-2/files-2.1/com.google.guava/listenablefuture/9999.0-empty-to-avoid-conflict-with-guava/b421526c5f297295adef1c886e5246c39d4ac629/listenablefuture-9999.0-empty-to-avoid-conflict-with-guava.jar
[Architectury Transformer DEBUG]  - /home/mrsterner/.gradle/caches/modules-2/files-2.1/org.checkerframework/checker-qual/3.33.0/de2b60b62da487644fc11f734e73c8b0b431238f/checker-qual-3.33.0.jar
[Architectury Transformer DEBUG]  - /home/mrsterner/.gradle/caches/modules-2/files-2.1/com.google.errorprone/error_prone_annotations/2.18.0/89b684257096f548fa39a7df9fdaa409d4d4df91/error_prone_annotations-2.18.0.jar
[Architectury Transformer DEBUG]  - /home/mrsterner/.gradle/caches/modules-2/files-2.1/com.google.j2objc/j2objc-annotations/2.8/c85270e307e7b822f1086b93689124b89768e273/j2objc-annotations-2.8.jar
[Architectury Transformer DEBUG]  - /home/mrsterner/.gradle/caches/modules-2/files-2.1/commons-io/commons-io/2.15.1/f11560da189ab563a5c8e351941415430e9304ea/commons-io-2.15.1.jar
[Architectury Transformer DEBUG]  - /home/mrsterner/.gradle/caches/modules-2/files-2.1/net.sf.jopt-simple/jopt-simple/5.0.4/4fdac2fbe92dfad86aa6e9301736f6b4342a3f5c/jopt-simple-5.0.4.jar
[Architectury Transformer DEBUG]  - /home/mrsterner/.gradle/caches/modules-2/files-2.1/net.minecraftforge/srgutils/0.4.15/ca408b131759478f164e010fae0d73997e125fb5/srgutils-0.4.15.jar
[Architectury Transformer DEBUG]  - /home/mrsterner/.gradle/caches/modules-2/files-2.1/org.antlr/antlr4-runtime/4.13.1/17125bae1d965624e265ef49552f6465a2bfa307/antlr4-runtime-4.13.1.jar
[Architectury Transformer DEBUG]  - /home/mrsterner/.gradle/caches/modules-2/files-2.1/org.jline/jline-reader/3.20.0/8f15415b022a25b473e8e16c28ae913186ffb9c4/jline-reader-3.20.0.jar
[Architectury Transformer DEBUG]  - /home/mrsterner/.gradle/caches/modules-2/files-2.1/org.jline/jline-terminal/3.20.0/d0ddcc708ddf527a3454c941b7b9225cc83a15ff/jline-terminal-3.20.0.jar
[Architectury Transformer DEBUG]  - /home/mrsterner/.gradle/caches/modules-2/files-2.1/org.codehaus.plexus/plexus-utils/3.3.0/cf43b5391de623b36fe066a21127baef82c64022/plexus-utils-3.3.0.jar
[Architectury Transformer DEBUG]  - /home/mrsterner/.gradle/caches/modules-2/files-2.1/com.machinezoo.noexception/noexception/1.7.1/b65330c98e38a1f915fa54a6e5eca496505e3f0a/noexception-1.7.1.jar
[Architectury Transformer DEBUG]  - /home/mrsterner/.gradle/caches/modules-2/files-2.1/com.github.oshi/oshi-core/6.4.10/b1d8ab82d11d92fd639b56d639f8f46f739dd5fa/oshi-core-6.4.10.jar
[Architectury Transformer DEBUG]  - /home/mrsterner/.gradle/caches/modules-2/files-2.1/com.ibm.icu/icu4j/73.2/61ad4ef7f9131fcf6d25c34b817f90d6da06c9e9/icu4j-73.2.jar
[Architectury Transformer DEBUG]  - /home/mrsterner/.gradle/caches/modules-2/files-2.1/com.mojang/authlib/6.0.54/de8bc95660e1b2fe8793fd427a7a10dcec5b3ea7/authlib-6.0.54.jar
[Architectury Transformer DEBUG]  - /home/mrsterner/.gradle/caches/modules-2/files-2.1/com.mojang/blocklist/1.0.10/5c685c5ffa94c4cd39496c7184c1d122e515ecef/blocklist-1.0.10.jar
[Architectury Transformer DEBUG]  - /home/mrsterner/.gradle/caches/modules-2/files-2.1/com.mojang/brigadier/1.3.10/d15b53a14cf20fdcaa98f731af5dda654452c010/brigadier-1.3.10.jar
[Architectury Transformer DEBUG]  - /home/mrsterner/.gradle/caches/modules-2/files-2.1/com.mojang/datafixerupper/8.0.16/67d4de6d7f95d89bcf5862995fb854ebaec02a34/datafixerupper-8.0.16.jar
[Architectury Transformer DEBUG]  - /home/mrsterner/.gradle/caches/modules-2/files-2.1/com.mojang/patchy/2.2.10/da05971b07cbb379d002cf7eaec6a2048211fefc/patchy-2.2.10.jar
[Architectury Transformer DEBUG]  - /home/mrsterner/.gradle/caches/modules-2/files-2.1/com.mojang/text2speech/1.17.9/3cad216e3a7f0c19b4b394388bc9ffc446f13b14/text2speech-1.17.9.jar
[Architectury Transformer DEBUG]  - /home/mrsterner/.gradle/caches/modules-2/files-2.1/commons-codec/commons-codec/1.16.0/4e3eb3d79888d76b54e28b350915b5dc3919c9de/commons-codec-1.16.0.jar
[Architectury Transformer DEBUG]  - /home/mrsterner/.gradle/caches/modules-2/files-2.1/commons-logging/commons-logging/1.2/4bfc12adfe4842bf07b657f0369c4cb522955686/commons-logging-1.2.jar
[Architectury Transformer DEBUG]  - /home/mrsterner/.gradle/caches/modules-2/files-2.1/io.netty/netty-buffer/4.1.97.Final/f8f3d8644afa5e6e1a40a3a6aeb9d9aa970ecb4f/netty-buffer-4.1.97.Final.jar
[Architectury Transformer DEBUG]  - /home/mrsterner/.gradle/caches/modules-2/files-2.1/io.netty/netty-codec/4.1.97.Final/384ba4d75670befbedb45c4d3b497a93639c206d/netty-codec-4.1.97.Final.jar
[Architectury Transformer DEBUG]  - /home/mrsterner/.gradle/caches/modules-2/files-2.1/io.netty/netty-common/4.1.97.Final/7cceacaf11df8dc63f23d0fb58e9d4640fc88404/netty-common-4.1.97.Final.jar
[Architectury Transformer DEBUG]  - /home/mrsterner/.gradle/caches/modules-2/files-2.1/io.netty/netty-handler/4.1.97.Final/abb86c6906bf512bf2b797a41cd7d2e8d3cd7c36/netty-handler-4.1.97.Final.jar
[Architectury Transformer DEBUG]  - /home/mrsterner/.gradle/caches/modules-2/files-2.1/io.netty/netty-resolver/4.1.97.Final/cec8348108dc76c47cf87c669d514be52c922144/netty-resolver-4.1.97.Final.jar
[Architectury Transformer DEBUG]  - /home/mrsterner/.gradle/caches/modules-2/files-2.1/io.netty/netty-transport-classes-epoll/4.1.97.Final/795da37ded759e862457a82d9d92c4d39ce8ecee/netty-transport-classes-epoll-4.1.97.Final.jar
[Architectury Transformer DEBUG]  - /home/mrsterner/.gradle/caches/modules-2/files-2.1/io.netty/netty-transport-native-epoll/4.1.97.Final/5514744c588190ffda076b35a9b8c9f24946a960/netty-transport-native-epoll-4.1.97.Final-linux-aarch_64.jar
[Architectury Transformer DEBUG]  - /home/mrsterner/.gradle/caches/modules-2/files-2.1/io.netty/netty-transport-native-epoll/4.1.97.Final/54188f271e388e7f313aea995e82f58ce2cdb809/netty-transport-native-epoll-4.1.97.Final-linux-x86_64.jar
[Architectury Transformer DEBUG]  - /home/mrsterner/.gradle/caches/modules-2/files-2.1/io.netty/netty-transport-native-unix-common/4.1.97.Final/d469d84265ab70095b01b40886cabdd433b6e664/netty-transport-native-unix-common-4.1.97.Final.jar
[Architectury Transformer DEBUG]  - /home/mrsterner/.gradle/caches/modules-2/files-2.1/io.netty/netty-transport/4.1.97.Final/f37380d23c9bb079bc702910833b2fd532c9abd0/netty-transport-4.1.97.Final.jar
[Architectury Transformer DEBUG]  - /home/mrsterner/.gradle/caches/modules-2/files-2.1/it.unimi.dsi/fastutil/8.5.12/c24946d46824bd528054bface3231d2ecb7e95e8/fastutil-8.5.12.jar
[Architectury Transformer DEBUG]  - /home/mrsterner/.gradle/caches/modules-2/files-2.1/net.java.dev.jna/jna-platform/5.14.0/28934d48aed814f11e4c584da55c49fa7032b31b/jna-platform-5.14.0.jar
[Architectury Transformer DEBUG]  - /home/mrsterner/.gradle/caches/modules-2/files-2.1/net.java.dev.jna/jna/5.14.0/67bf3eaea4f0718cb376a181a629e5f88fa1c9dd/jna-5.14.0.jar
[Architectury Transformer DEBUG]  - /home/mrsterner/.gradle/caches/modules-2/files-2.1/org.apache.commons/commons-compress/1.26.0/659feffdd12280201c8aacb8f7be94f9a883c824/commons-compress-1.26.0.jar
[Architectury Transformer DEBUG]  - /home/mrsterner/.gradle/caches/modules-2/files-2.1/org.apache.httpcomponents/httpclient/4.5.13/e5f6cae5ca7ecaac1ec2827a9e2d65ae2869cada/httpclient-4.5.13.jar
[Architectury Transformer DEBUG]  - /home/mrsterner/.gradle/caches/modules-2/files-2.1/org.apache.httpcomponents/httpcore/4.4.16/51cf043c87253c9f58b539c9f7e44c8894223850/httpcore-4.4.16.jar
[Architectury Transformer DEBUG]  - /home/mrsterner/.gradle/caches/modules-2/files-2.1/org.jcraft/jorbis/0.0.17/8872d22b293e8f5d7d56ff92be966e6dc28ebdc6/jorbis-0.0.17.jar
[Architectury Transformer DEBUG]  - /home/mrsterner/.gradle/caches/modules-2/files-2.1/org.joml/joml/1.10.5/22566d58af70ad3d72308bab63b8339906deb649/joml-1.10.5.jar
[Architectury Transformer DEBUG]  - /home/mrsterner/.gradle/caches/modules-2/files-2.1/org.lwjgl/lwjgl-freetype/3.3.3/a0db6c84a8becc8ca05f9dbfa985edc348a824c7/lwjgl-freetype-3.3.3.jar
[Architectury Transformer DEBUG]  - /home/mrsterner/.gradle/caches/modules-2/files-2.1/org.lwjgl/lwjgl-glfw/3.3.3/efa1eb78c5ccd840e9f329717109b5e892d72f8e/lwjgl-glfw-3.3.3.jar
[Architectury Transformer DEBUG]  - /home/mrsterner/.gradle/caches/modules-2/files-2.1/org.lwjgl/lwjgl-jemalloc/3.3.3/b543467b7ff3c6920539a88ee602d34098628be5/lwjgl-jemalloc-3.3.3.jar
[Architectury Transformer DEBUG]  - /home/mrsterner/.gradle/caches/modules-2/files-2.1/org.lwjgl/lwjgl-openal/3.3.3/daada81ceb5fc0c291fbfdd4433cb8d9423577f2/lwjgl-openal-3.3.3.jar
[Architectury Transformer DEBUG]  - /home/mrsterner/.gradle/caches/modules-2/files-2.1/org.lwjgl/lwjgl-opengl/3.3.3/2f6b0147078396a58979125a4c947664e98293a/lwjgl-opengl-3.3.3.jar
[Architectury Transformer DEBUG]  - /home/mrsterner/.gradle/caches/modules-2/files-2.1/org.lwjgl/lwjgl-stb/3.3.3/25dd6161988d7e65f71d5065c99902402ee32746/lwjgl-stb-3.3.3.jar
[Architectury Transformer DEBUG]  - /home/mrsterner/.gradle/caches/modules-2/files-2.1/org.lwjgl/lwjgl-tinyfd/3.3.3/82d755ca94b102e9ca77283b9e2dc46d1b15fbe5/lwjgl-tinyfd-3.3.3.jar
[Architectury Transformer DEBUG]  - /home/mrsterner/.gradle/caches/modules-2/files-2.1/org.lwjgl/lwjgl/3.3.3/29589b5f87ed335a6c7e7ee6a5775f81f97ecb84/lwjgl-3.3.3.jar
[Architectury Transformer DEBUG]  - /home/mrsterner/.gradle/caches/modules-2/files-2.1/org.lz4/lz4-java/1.8.0/4b986a99445e49ea5fbf5d149c4b63f6ed6c6780/lz4-java-1.8.0.jar
[Architectury Transformer DEBUG]  - /home/mrsterner/IdeaProjects/Building-But-Better/.gradle/loom-cache/minecraftMaven/net/minecraft/neoforge-21.1.84-minecraft-merged-fe1a1d750b/1.21.1-loom.mappings.1_21_1.layered+hash.40359-v2-neoforge-21.1.84/neoforge-21.1.84-minecraft-merged-fe1a1d750b-1.21.1-loom.mappings.1_21_1.layered+hash.40359-v2-neoforge-21.1.84.jar
[Architectury Transformer DEBUG]  - /home/mrsterner/IdeaProjects/Building-But-Better/.gradle/loom-cache/remapped_mods/loom_mappings_1_21_1_layered_hash_40359_v2_neoforge_21_1_84_forge/dev/architectury/architectury-neoforge/13.0.8/architectury-neoforge-13.0.8.jar
[Architectury Transformer DEBUG]  - /home/mrsterner/IdeaProjects/Building-But-Better/.gradle/loom-cache/remapped_mods/loom_mappings_1_21_1_layered_hash_40359_v2_neoforge_21_1_84_forge/maven/modrinth/midnightlib/1.6.9+1.21-neoforge/midnightlib-1.6.9+1.21-neoforge.jar
[Architectury Transformer DEBUG]  - /home/mrsterner/IdeaProjects/Building-But-Better/.gradle/loom-cache/remapped_mods/loom_mappings_1_21_1_layered_hash_40359_v2_neoforge_21_1_84_forge/maven/modrinth/moonlight/neoforge_1.21-2.17.23/moonlight-neoforge_1.21-2.17.23.jar
[Architectury Transformer DEBUG]  - /home/mrsterner/IdeaProjects/Building-But-Better/.gradle/loom-cache/remapped_mods/loom_mappings_1_21_1_layered_hash_40359_v2_neoforge_21_1_84_forge/maven/modrinth/every-compat/neoforge_1.21-2.9.6/every-compat-neoforge_1.21-2.9.6.jar
[Architectury Transformer] Read classpath in 1.134 s
[Architectury Transformer DEBUG] Closed File Systems for /home/mrsterner/IdeaProjects/Building-But-Better/common/build/devlibs/bbb-common-1.0.0-dev.jar
[Architectury Transformer DEBUG] Transforming 6 transformer(s) from /home/mrsterner/IdeaProjects/Building-But-Better/common/build/devlibs/bbb-common-1.0.0-dev.jar to /tmp/4365488109533320487.jar: 
[Architectury Transformer DEBUG]  - dev.architectury.transformer.transformers.TransformExpectPlatform@5403799b
[Architectury Transformer DEBUG]  - dev.architectury.transformer.transformers.RemapInjectables@5a0e0886
[Architectury Transformer DEBUG]  - dev.architectury.transformer.transformers.TransformPlatformOnly@3ad8717d
[Architectury Transformer DEBUG]  - dev.architectury.transformer.transformers.TransformNeoForgeAnnotations@4293e066
[Architectury Transformer DEBUG]  - dev.architectury.transformer.transformers.TransformNeoForgeEnvironment@d13960e
[Architectury Transformer DEBUG]  - dev.architectury.transformer.transformers.GenerateFakeNeoForgeMod@27f3f512
[Architectury Transformer DEBUG] Transforming from /home/mrsterner/IdeaProjects/Building-But-Better/common/build/devlibs/bbb-common-1.0.0-dev.jar to /tmp/4365488109533320487.jar with 6 transformer(s) on dev.architectury.transformer.handler.SimpleTransformerHandler
[Architectury Transformer DEBUG] Remapping with 1 mapping provider(s):
[Architectury Transformer DEBUG]  - dev.architectury.transformer.transformers.TransformNeoForgeEnvironment$$Lambda/0x00007fbcb802fa90@e7b265e
[Architectury Transformer DEBUG] Remapping Classes:
[Architectury Transformer DEBUG] net/fabricmc/api/EnvType -> net/neoforged/api/distmarker/Dist
[Architectury Transformer DEBUG] net/fabricmc/api/Environment -> net/neoforged/api/distmarker/OnlyIn
[Architectury Transformer DEBUG] Found class transformer
[Architectury Transformer DEBUG] Writing com/starfish_studios/bbb/BBBVanillaIntegration$Client with maxs=true frames=true
[Architectury Transformer DEBUG] Writing com/starfish_studios/bbb/BBBModule with maxs=true frames=true
[Architectury Transformer DEBUG] Writing com/starfish_studios/bbb/BuildingButBetterClient with maxs=true frames=true
[Architectury Transformer DEBUG] Writing com/starfish_studios/bbb/BBBConfig with maxs=true frames=true
[Architectury Transformer DEBUG] Writing com/starfish_studios/bbb/BuildingButBetter with maxs=true frames=true
[Architectury Transformer DEBUG] Writing com/starfish_studios/bbb/BBBVanillaIntegration with maxs=true frames=true
[Architectury Transformer DEBUG] Writing com/starfish_studios/bbb/client/renderer/blockentity/BlockBlockRenderer with maxs=true frames=true
[Architectury Transformer DEBUG] Writing com/starfish_studios/bbb/client/model/BlockModel with maxs=true frames=true
[Architectury Transformer DEBUG] Writing com/starfish_studios/bbb/client/model/BBBModelLayers with maxs=true frames=true
[Architectury Transformer DEBUG] Writing com/starfish_studios/bbb/event/BlockUseEvent with maxs=true frames=true
[Architectury Transformer DEBUG] Writing com/starfish_studios/bbb/block/TallDoorBlock with maxs=true frames=true
[Architectury Transformer DEBUG] Writing com/starfish_studios/bbb/block/LayerBlock with maxs=true frames=true
[Architectury Transformer DEBUG] Writing com/starfish_studios/bbb/block/LatticeBlock with maxs=true frames=true
[Architectury Transformer DEBUG] Writing com/starfish_studios/bbb/block/BrazierBlock with maxs=true frames=true
[Architectury Transformer DEBUG] Writing com/starfish_studios/bbb/block/PalletBlock with maxs=true frames=true
[Architectury Transformer DEBUG] Writing com/starfish_studios/bbb/block/SupportBlock with maxs=true frames=true
[Architectury Transformer DEBUG] Writing com/starfish_studios/bbb/block/MouldingBlock with maxs=true frames=true
[Architectury Transformer DEBUG] Writing com/starfish_studios/bbb/block/BalustradeBlock with maxs=true frames=true
[Architectury Transformer DEBUG] Writing com/starfish_studios/bbb/block/FrameBlock with maxs=true frames=true
[Architectury Transformer DEBUG] Writing com/starfish_studios/bbb/block/StoneFenceBlock with maxs=true frames=true
[Architectury Transformer DEBUG] Writing com/starfish_studios/bbb/block/IronFenceBlock with maxs=true frames=true
[Architectury Transformer DEBUG] Writing com/starfish_studios/bbb/block/LayerBlock$1 with maxs=true frames=true
[Architectury Transformer DEBUG] Writing com/starfish_studios/bbb/block/FacingSlabBlock$1 with maxs=true frames=true
[Architectury Transformer DEBUG] Writing com/starfish_studios/bbb/block/ColumnBlock with maxs=true frames=true
[Architectury Transformer DEBUG] Writing com/starfish_studios/bbb/block/SupportBlock$1 with maxs=true frames=true
[Architectury Transformer DEBUG] Writing com/starfish_studios/bbb/block/BlockBlock with maxs=true frames=true
[Architectury Transformer DEBUG] Writing com/starfish_studios/bbb/block/FacingConnectingBlock with maxs=true frames=true
[Architectury Transformer DEBUG] Writing com/starfish_studios/bbb/block/FacingSlabBlock with maxs=true frames=true
[Architectury Transformer DEBUG] Writing com/starfish_studios/bbb/block/WoodenWallBlock with maxs=true frames=true
[Architectury Transformer DEBUG] Writing com/starfish_studios/bbb/block/BBBLadderBlock with maxs=true frames=true
[Architectury Transformer DEBUG] Writing com/starfish_studios/bbb/block/WallBlockBlock with maxs=true frames=true
[Architectury Transformer DEBUG] Writing com/starfish_studios/bbb/block/WeatheringCopperLayerBlock with maxs=true frames=true
[Architectury Transformer DEBUG] Writing com/starfish_studios/bbb/block/UrnBlock with maxs=true frames=true
[Architectury Transformer DEBUG] Writing com/starfish_studios/bbb/block/BlockBlock$Types with maxs=true frames=true
[Architectury Transformer DEBUG] Writing com/starfish_studios/bbb/block/StoneFenceBlock$1 with maxs=true frames=true
[Architectury Transformer DEBUG] Writing com/starfish_studios/bbb/block/MouldingBlock$1 with maxs=true frames=true
[Architectury Transformer DEBUG] Writing com/starfish_studios/bbb/block/WoodenLanternBlock with maxs=true frames=true
[Architectury Transformer DEBUG] Writing com/starfish_studios/bbb/block/FrameBlock$1 with maxs=true frames=true
[Architectury Transformer DEBUG] Writing com/starfish_studios/bbb/block/WeatheringCopperLayer$WeatherState with maxs=true frames=true
[Architectury Transformer DEBUG] Writing com/starfish_studios/bbb/block/BlockBlock$Type with maxs=true frames=true
[Architectury Transformer DEBUG] Writing com/starfish_studios/bbb/block/BalustradeBlock$1 with maxs=true frames=true
[Architectury Transformer DEBUG] Writing com/starfish_studios/bbb/block/AbstractBlockBlock with maxs=true frames=true
[Architectury Transformer DEBUG] Writing com/starfish_studios/bbb/block/PalletBlock$1 with maxs=true frames=true
[Architectury Transformer DEBUG] Writing com/starfish_studios/bbb/block/TallDoorBlock$1 with maxs=true frames=true
[Architectury Transformer DEBUG] Writing com/starfish_studios/bbb/block/WeatheringCopperLayer with maxs=true frames=true
[Architectury Transformer DEBUG] Writing com/starfish_studios/bbb/block/properties/LatticePlantType with maxs=true frames=true
[Architectury Transformer DEBUG] Writing com/starfish_studios/bbb/block/properties/TopBottomType with maxs=true frames=true
[Architectury Transformer DEBUG] Writing com/starfish_studios/bbb/block/properties/TallDoorHalf with maxs=true frames=true
[Architectury Transformer DEBUG] Writing com/starfish_studios/bbb/block/properties/LayerNumber with maxs=true frames=true
[Architectury Transformer DEBUG] Writing com/starfish_studios/bbb/block/properties/ColumnType with maxs=true frames=true
[Architectury Transformer DEBUG] Writing com/starfish_studios/bbb/block/properties/FrameStickDirection with maxs=true frames=true
[Architectury Transformer DEBUG] Writing com/starfish_studios/bbb/block/properties/WoodStyle with maxs=true frames=true
[Architectury Transformer DEBUG] Writing com/starfish_studios/bbb/block/properties/BBBBlockStateProperties with maxs=true frames=true
[Architectury Transformer DEBUG] Writing com/starfish_studios/bbb/block/properties/LatticeType with maxs=true frames=true
[Architectury Transformer DEBUG] Writing com/starfish_studios/bbb/block/entity/BlockBlockEntity with maxs=true frames=true
[Architectury Transformer DEBUG] Writing com/starfish_studios/bbb/item/TallDoorItem with maxs=true frames=true
[Architectury Transformer DEBUG] Writing com/starfish_studios/bbb/item/ChiselItem with maxs=true frames=true
[Architectury Transformer DEBUG] Writing com/starfish_studios/bbb/item/DescriptionBlockItem with maxs=true frames=true
[Architectury Transformer DEBUG] Writing com/starfish_studios/bbb/item/HammerItem with maxs=true frames=true
[Architectury Transformer DEBUG] Writing com/starfish_studios/bbb/registry/BBBBlocks with maxs=true frames=true
[Architectury Transformer DEBUG] Writing com/starfish_studios/bbb/registry/BBBItems with maxs=true frames=true
[Architectury Transformer DEBUG] Writing com/starfish_studios/bbb/registry/BBBCreativeModeTab with maxs=true frames=true
[Architectury Transformer DEBUG] Writing com/starfish_studios/bbb/registry/BBBBlockEntityType with maxs=true frames=true
[Architectury Transformer DEBUG] Writing com/starfish_studios/bbb/registry/BBBTags$BBBBlockTags with maxs=true frames=true
[Architectury Transformer DEBUG] Writing com/starfish_studios/bbb/registry/BBBTags with maxs=true frames=true
[Architectury Transformer DEBUG] Writing com/starfish_studios/bbb/registry/BBBWoodType with maxs=true frames=true
[Architectury Transformer DEBUG] Writing com/starfish_studios/bbb/registry/BBBTags$BBBItemTags with maxs=true frames=true
[Architectury Transformer DEBUG] Writing com/starfish_studios/bbb/registry/BBBSoundEvents with maxs=true frames=true
[Architectury Transformer DEBUG] Writing com/starfish_studios/bbb/registry/BBBTags$BBBEnchantmentTags with maxs=true frames=true
[Architectury Transformer DEBUG] Writing com/starfish_studios/bbb/mixin/BushBlockMixin with maxs=true frames=true
[Architectury Transformer DEBUG] Writing com/starfish_studios/bbb/mixin/PaintingMixin with maxs=true frames=true
[Architectury Transformer DEBUG] Closed File Systems for /tmp/4365488109533320487.jar
[Architectury Transformer] Listening at /home/mrsterner/IdeaProjects/Building-But-Better/common/build/devlibs/bbb-common-1.0.0-dev.jar
[Architectury Transformer DEBUG] Temporary jar [/tmp/4365488109533320487.jar] contains packages: com.starfish_studios.bbb.mixin, com.starfish_studios.bbb.block.entity, com.starfish_studios.bbb.client.renderer.blockentity, com.starfish_studios.bbb.item, com.starfish_studios.bbb.event, com.starfish_studios.bbb.block.properties, com.starfish_studios.bbb, com.starfish_studios.bbb.block, com.starfish_studios.bbb.client.model, com.starfish_studios.bbb.registry
[Architectury Transformer DEBUG] Closed File Systems for /home/mrsterner/IdeaProjects/Building-But-Better/common/build/devlibs/bbb-common-1.0.0-dev.jar
[Architectury Transformer DEBUG] Classpath entry [/home/mrsterner/IdeaProjects/Building-But-Better/neoforge/build/classes/java/main] contains packages: com.starfish_studios.bbb.forge
[Architectury Transformer DEBUG] Classpath entry [/home/mrsterner/IdeaProjects/Building-But-Better/neoforge/build/resources/main] contains packages: 
[Architectury Transformer DEBUG] Transforming from com/starfish_studios/bbb/BuildingButBetter.class to com/starfish_studios/bbb/BuildingButBetter.class with 6 transformer(s) on dev.architectury.transformer.handler.TinyRemapperPreparedTransformerHandler
[Architectury Transformer DEBUG] Remapping with 1 mapping provider(s):
[Architectury Transformer DEBUG]  - dev.architectury.transformer.transformers.TransformNeoForgeEnvironment$$Lambda/0x00007fbcb802fa90@e7b265e
[Architectury Transformer DEBUG] Remapping with Dirty Mappings...
[Architectury Transformer DEBUG] Remapping Classes:
[Architectury Transformer DEBUG] net/fabricmc/api/EnvType -> net/neoforged/api/distmarker/Dist
[Architectury Transformer DEBUG] net/fabricmc/api/Environment -> net/neoforged/api/distmarker/OnlyIn
[Architectury Transformer DEBUG] Found class transformer
[Architectury Transformer DEBUG] Writing com/starfish_studios/bbb/BuildingButBetter with maxs=true frames=true
[Architectury Transformer DEBUG] Transforming from com/starfish_studios/bbb/block/SupportBlock.class to com/starfish_studios/bbb/block/SupportBlock.class with 6 transformer(s) on dev.architectury.transformer.handler.TinyRemapperPreparedTransformerHandler
[Architectury Transformer DEBUG] Remapping with 1 mapping provider(s):
[Architectury Transformer DEBUG]  - dev.architectury.transformer.transformers.TransformNeoForgeEnvironment$$Lambda/0x00007fbcb802fa90@e7b265e
[Architectury Transformer DEBUG] Transformed com/starfish_studios/bbb/BuildingButBetter in 59.89 ms
[Architectury Transformer DEBUG] Remapping Classes:
[Architectury Transformer DEBUG] net/fabricmc/api/EnvType -> net/neoforged/api/distmarker/Dist
[Architectury Transformer DEBUG] net/fabricmc/api/Environment -> net/neoforged/api/distmarker/OnlyIn
[Architectury Transformer DEBUG] Found class transformer
[Architectury Transformer DEBUG] Writing com/starfish_studios/bbb/block/SupportBlock with maxs=true frames=true
[Architectury Transformer DEBUG] Transforming from com/starfish_studios/bbb/BBBConfig.class to com/starfish_studios/bbb/BBBConfig.class with 6 transformer(s) on dev.architectury.transformer.handler.TinyRemapperPreparedTransformerHandler
[Architectury Transformer DEBUG] Transformed com/starfish_studios/bbb/block/SupportBlock in 18.82 ms
[Architectury Transformer DEBUG] Remapping with 1 mapping provider(s):
[Architectury Transformer DEBUG]  - dev.architectury.transformer.transformers.TransformNeoForgeEnvironment$$Lambda/0x00007fbcb802fa90@e7b265e
[Architectury Transformer DEBUG] Remapping Classes:
[Architectury Transformer DEBUG] net/fabricmc/api/EnvType -> net/neoforged/api/distmarker/Dist
[Architectury Transformer DEBUG] net/fabricmc/api/Environment -> net/neoforged/api/distmarker/OnlyIn
[Architectury Transformer DEBUG] Found class transformer
[Architectury Transformer DEBUG] Writing com/starfish_studios/bbb/BBBConfig with maxs=true frames=true
[Architectury Transformer DEBUG] Transforming from com/starfish_studios/bbb/item/DescriptionBlockItem.class to com/starfish_studios/bbb/item/DescriptionBlockItem.class with 6 transformer(s) on dev.architectury.transformer.handler.TinyRemapperPreparedTransformerHandler
[Architectury Transformer DEBUG] Transformed com/starfish_studios/bbb/BBBConfig in 21.56 ms
[Architectury Transformer DEBUG] Remapping with 1 mapping provider(s):
[Architectury Transformer DEBUG]  - dev.architectury.transformer.transformers.TransformNeoForgeEnvironment$$Lambda/0x00007fbcb802fa90@e7b265e
[Architectury Transformer DEBUG] Remapping Classes:
[Architectury Transformer DEBUG] net/fabricmc/api/EnvType -> net/neoforged/api/distmarker/Dist
[Architectury Transformer DEBUG] net/fabricmc/api/Environment -> net/neoforged/api/distmarker/OnlyIn
[Architectury Transformer DEBUG] Found class transformer
[Architectury Transformer DEBUG] Writing com/starfish_studios/bbb/item/DescriptionBlockItem with maxs=true frames=true
[Architectury Transformer DEBUG] Transformed com/starfish_studios/bbb/item/DescriptionBlockItem in 13.60 ms
[Architectury Transformer DEBUG] Transforming from com/starfish_studios/bbb/block/FrameBlock.class to com/starfish_studios/bbb/block/FrameBlock.class with 6 transformer(s) on dev.architectury.transformer.handler.TinyRemapperPreparedTransformerHandler
[Architectury Transformer DEBUG] Remapping with 1 mapping provider(s):
[Architectury Transformer DEBUG]  - dev.architectury.transformer.transformers.TransformNeoForgeEnvironment$$Lambda/0x00007fbcb802fa90@e7b265e
[Architectury Transformer DEBUG] Remapping Classes:
[Architectury Transformer DEBUG] net/fabricmc/api/EnvType -> net/neoforged/api/distmarker/Dist
[Architectury Transformer DEBUG] net/fabricmc/api/Environment -> net/neoforged/api/distmarker/OnlyIn
[Architectury Transformer DEBUG] Found class transformer
[Architectury Transformer DEBUG] Writing com/starfish_studios/bbb/block/FrameBlock with maxs=true frames=true
[Architectury Transformer DEBUG] Transforming from com/starfish_studios/bbb/event/BlockUseEvent.class to com/starfish_studios/bbb/event/BlockUseEvent.class with 6 transformer(s) on dev.architectury.transformer.handler.TinyRemapperPreparedTransformerHandler
[Architectury Transformer DEBUG] Transformed com/starfish_studios/bbb/block/FrameBlock in 10.90 ms
[Architectury Transformer DEBUG] Remapping with 1 mapping provider(s):
[Architectury Transformer DEBUG]  - dev.architectury.transformer.transformers.TransformNeoForgeEnvironment$$Lambda/0x00007fbcb802fa90@e7b265e
[Architectury Transformer DEBUG] Remapping Classes:
[Architectury Transformer DEBUG] net/fabricmc/api/EnvType -> net/neoforged/api/distmarker/Dist
[Architectury Transformer DEBUG] net/fabricmc/api/Environment -> net/neoforged/api/distmarker/OnlyIn
[Architectury Transformer DEBUG] Found class transformer
[Architectury Transformer DEBUG] Writing com/starfish_studios/bbb/event/BlockUseEvent with maxs=true frames=true
[Architectury Transformer DEBUG] Transforming from com/starfish_studios/bbb/block/PalletBlock.class to com/starfish_studios/bbb/block/PalletBlock.class with 6 transformer(s) on dev.architectury.transformer.handler.TinyRemapperPreparedTransformerHandler
[Architectury Transformer DEBUG] Transformed com/starfish_studios/bbb/event/BlockUseEvent in 17.40 ms
[Architectury Transformer DEBUG] Remapping with 1 mapping provider(s):
[Architectury Transformer DEBUG]  - dev.architectury.transformer.transformers.TransformNeoForgeEnvironment$$Lambda/0x00007fbcb802fa90@e7b265e
[Architectury Transformer DEBUG] Remapping Classes:
[Architectury Transformer DEBUG] net/fabricmc/api/EnvType -> net/neoforged/api/distmarker/Dist
[Architectury Transformer DEBUG] net/fabricmc/api/Environment -> net/neoforged/api/distmarker/OnlyIn
[Architectury Transformer DEBUG] Found class transformer
[Architectury Transformer DEBUG] Writing com/starfish_studios/bbb/block/PalletBlock with maxs=true frames=true
[Architectury Transformer DEBUG] Transforming from com/starfish_studios/bbb/registry/BBBBlocks.class to com/starfish_studios/bbb/registry/BBBBlocks.class with 6 transformer(s) on dev.architectury.transformer.handler.TinyRemapperPreparedTransformerHandler
[Architectury Transformer DEBUG] Transformed com/starfish_studios/bbb/block/PalletBlock in 16.68 ms
[Architectury Transformer DEBUG] Remapping with 1 mapping provider(s):
[Architectury Transformer DEBUG]  - dev.architectury.transformer.transformers.TransformNeoForgeEnvironment$$Lambda/0x00007fbcb802fa90@e7b265e
[Architectury Transformer DEBUG] Remapping Classes:
[Architectury Transformer DEBUG] net/fabricmc/api/EnvType -> net/neoforged/api/distmarker/Dist
[Architectury Transformer DEBUG] net/fabricmc/api/Environment -> net/neoforged/api/distmarker/OnlyIn
[Architectury Transformer DEBUG] Found class transformer
[Architectury Transformer DEBUG] Writing com/starfish_studios/bbb/registry/BBBBlocks with maxs=true frames=true
[Architectury Transformer DEBUG] Transformed com/starfish_studios/bbb/registry/BBBBlocks in 16.76 ms
[Architectury Transformer DEBUG] Transforming from com/starfish_studios/bbb/block/WoodenLanternBlock.class to com/starfish_studios/bbb/block/WoodenLanternBlock.class with 6 transformer(s) on dev.architectury.transformer.handler.TinyRemapperPreparedTransformerHandler
[Architectury Transformer DEBUG] Remapping with 1 mapping provider(s):
[Architectury Transformer DEBUG]  - dev.architectury.transformer.transformers.TransformNeoForgeEnvironment$$Lambda/0x00007fbcb802fa90@e7b265e
[Architectury Transformer DEBUG] Remapping Classes:
[Architectury Transformer DEBUG] net/fabricmc/api/EnvType -> net/neoforged/api/distmarker/Dist
[Architectury Transformer DEBUG] net/fabricmc/api/Environment -> net/neoforged/api/distmarker/OnlyIn
[Architectury Transformer DEBUG] Found class transformer
[Architectury Transformer DEBUG] Writing com/starfish_studios/bbb/block/WoodenLanternBlock with maxs=true frames=true
[Architectury Transformer DEBUG] Transforming from com/starfish_studios/bbb/block/LayerBlock.class to com/starfish_studios/bbb/block/LayerBlock.class with 6 transformer(s) on dev.architectury.transformer.handler.TinyRemapperPreparedTransformerHandler
[Architectury Transformer DEBUG] Transformed com/starfish_studios/bbb/block/WoodenLanternBlock in 16.81 ms
[Architectury Transformer DEBUG] Remapping with 1 mapping provider(s):
[Architectury Transformer DEBUG]  - dev.architectury.transformer.transformers.TransformNeoForgeEnvironment$$Lambda/0x00007fbcb802fa90@e7b265e
[Architectury Transformer DEBUG] Remapping Classes:
[Architectury Transformer DEBUG] net/fabricmc/api/EnvType -> net/neoforged/api/distmarker/Dist
[Architectury Transformer DEBUG] net/fabricmc/api/Environment -> net/neoforged/api/distmarker/OnlyIn
[Architectury Transformer DEBUG] Found class transformer
[Architectury Transformer DEBUG] Writing com/starfish_studios/bbb/block/LayerBlock with maxs=true frames=true
[Architectury Transformer DEBUG] Transforming from com/starfish_studios/bbb/block/BBBLadderBlock.class to com/starfish_studios/bbb/block/BBBLadderBlock.class with 6 transformer(s) on dev.architectury.transformer.handler.TinyRemapperPreparedTransformerHandler
[Architectury Transformer DEBUG] Remapping with 1 mapping provider(s):
[Architectury Transformer DEBUG]  - dev.architectury.transformer.transformers.TransformNeoForgeEnvironment$$Lambda/0x00007fbcb802fa90@e7b265e
[Architectury Transformer DEBUG] Transformed com/starfish_studios/bbb/block/LayerBlock in 12.79 ms
[Architectury Transformer DEBUG] Remapping Classes:
[Architectury Transformer DEBUG] net/fabricmc/api/EnvType -> net/neoforged/api/distmarker/Dist
[Architectury Transformer DEBUG] net/fabricmc/api/Environment -> net/neoforged/api/distmarker/OnlyIn
[Architectury Transformer DEBUG] Found class transformer
[Architectury Transformer DEBUG] Writing com/starfish_studios/bbb/block/BBBLadderBlock with maxs=true frames=true
[Architectury Transformer DEBUG] Transformed com/starfish_studios/bbb/block/BBBLadderBlock in 11.39 ms
[Architectury Transformer DEBUG] Transforming from com/starfish_studios/bbb/block/StoneFenceBlock.class to com/starfish_studios/bbb/block/StoneFenceBlock.class with 6 transformer(s) on dev.architectury.transformer.handler.TinyRemapperPreparedTransformerHandler
[Architectury Transformer DEBUG] Remapping with 1 mapping provider(s):
[Architectury Transformer DEBUG]  - dev.architectury.transformer.transformers.TransformNeoForgeEnvironment$$Lambda/0x00007fbcb802fa90@e7b265e
[Architectury Transformer DEBUG] Remapping Classes:
[Architectury Transformer DEBUG] net/fabricmc/api/EnvType -> net/neoforged/api/distmarker/Dist
[Architectury Transformer DEBUG] net/fabricmc/api/Environment -> net/neoforged/api/distmarker/OnlyIn
[Architectury Transformer DEBUG] Found class transformer
[Architectury Transformer DEBUG] Writing com/starfish_studios/bbb/block/StoneFenceBlock with maxs=true frames=true
[Architectury Transformer DEBUG] Transforming from com/starfish_studios/bbb/block/WoodenWallBlock.class to com/starfish_studios/bbb/block/WoodenWallBlock.class with 6 transformer(s) on dev.architectury.transformer.handler.TinyRemapperPreparedTransformerHandler
[Architectury Transformer DEBUG] Remapping with 1 mapping provider(s):
[Architectury Transformer DEBUG]  - dev.architectury.transformer.transformers.TransformNeoForgeEnvironment$$Lambda/0x00007fbcb802fa90@e7b265e
[Architectury Transformer DEBUG] Transformed com/starfish_studios/bbb/block/StoneFenceBlock in 11.68 ms
[Architectury Transformer DEBUG] Remapping Classes:
[Architectury Transformer DEBUG] net/fabricmc/api/EnvType -> net/neoforged/api/distmarker/Dist
[Architectury Transformer DEBUG] net/fabricmc/api/Environment -> net/neoforged/api/distmarker/OnlyIn
[Architectury Transformer DEBUG] Found class transformer
[Architectury Transformer DEBUG] Writing com/starfish_studios/bbb/block/WoodenWallBlock with maxs=true frames=true
[Architectury Transformer DEBUG] Transforming from com/starfish_studios/bbb/block/MouldingBlock.class to com/starfish_studios/bbb/block/MouldingBlock.class with 6 transformer(s) on dev.architectury.transformer.handler.TinyRemapperPreparedTransformerHandler
[Architectury Transformer DEBUG] Transformed com/starfish_studios/bbb/block/WoodenWallBlock in 13.01 ms
[Architectury Transformer DEBUG] Remapping with 1 mapping provider(s):
[Architectury Transformer DEBUG]  - dev.architectury.transformer.transformers.TransformNeoForgeEnvironment$$Lambda/0x00007fbcb802fa90@e7b265e
[Architectury Transformer DEBUG] Remapping Classes:
[Architectury Transformer DEBUG] net/fabricmc/api/EnvType -> net/neoforged/api/distmarker/Dist
[Architectury Transformer DEBUG] net/fabricmc/api/Environment -> net/neoforged/api/distmarker/OnlyIn
[Architectury Transformer DEBUG] Found class transformer
[Architectury Transformer DEBUG] Writing com/starfish_studios/bbb/block/MouldingBlock with maxs=true frames=true
[Architectury Transformer DEBUG] Transforming from com/starfish_studios/bbb/block/FacingSlabBlock.class to com/starfish_studios/bbb/block/FacingSlabBlock.class with 6 transformer(s) on dev.architectury.transformer.handler.TinyRemapperPreparedTransformerHandler
[Architectury Transformer DEBUG] Remapping with 1 mapping provider(s):
[Architectury Transformer DEBUG]  - dev.architectury.transformer.transformers.TransformNeoForgeEnvironment$$Lambda/0x00007fbcb802fa90@e7b265e
[Architectury Transformer DEBUG] Transformed com/starfish_studios/bbb/block/MouldingBlock in 12.03 ms
[Architectury Transformer DEBUG] Remapping Classes:
[Architectury Transformer DEBUG] net/fabricmc/api/EnvType -> net/neoforged/api/distmarker/Dist
[Architectury Transformer DEBUG] net/fabricmc/api/Environment -> net/neoforged/api/distmarker/OnlyIn
[Architectury Transformer DEBUG] Found class transformer
[Architectury Transformer DEBUG] Writing com/starfish_studios/bbb/block/FacingSlabBlock with maxs=true frames=true
[Architectury Transformer DEBUG] Transforming from com/starfish_studios/bbb/block/UrnBlock.class to com/starfish_studios/bbb/block/UrnBlock.class with 6 transformer(s) on dev.architectury.transformer.handler.TinyRemapperPreparedTransformerHandler
[Architectury Transformer DEBUG] Remapping with 1 mapping provider(s):
[Architectury Transformer DEBUG]  - dev.architectury.transformer.transformers.TransformNeoForgeEnvironment$$Lambda/0x00007fbcb802fa90@e7b265e
[Architectury Transformer DEBUG] Transformed com/starfish_studios/bbb/block/FacingSlabBlock in 6.847 ms
[Architectury Transformer DEBUG] Remapping Classes:
[Architectury Transformer DEBUG] net/fabricmc/api/EnvType -> net/neoforged/api/distmarker/Dist
[Architectury Transformer DEBUG] net/fabricmc/api/Environment -> net/neoforged/api/distmarker/OnlyIn
[Architectury Transformer DEBUG] Found class transformer
[Architectury Transformer DEBUG] Writing com/starfish_studios/bbb/block/UrnBlock with maxs=true frames=true
[Architectury Transformer DEBUG] Transforming from com/starfish_studios/bbb/block/FacingConnectingBlock.class to com/starfish_studios/bbb/block/FacingConnectingBlock.class with 6 transformer(s) on dev.architectury.transformer.handler.TinyRemapperPreparedTransformerHandler
[Architectury Transformer DEBUG] Remapping with 1 mapping provider(s):
[Architectury Transformer DEBUG] Transformed com/starfish_studios/bbb/block/UrnBlock in 7.641 ms
[Architectury Transformer DEBUG]  - dev.architectury.transformer.transformers.TransformNeoForgeEnvironment$$Lambda/0x00007fbcb802fa90@e7b265e
[Architectury Transformer DEBUG] Remapping Classes:
[Architectury Transformer DEBUG] net/fabricmc/api/EnvType -> net/neoforged/api/distmarker/Dist
[Architectury Transformer DEBUG] net/fabricmc/api/Environment -> net/neoforged/api/distmarker/OnlyIn
[Architectury Transformer DEBUG] Found class transformer
[Architectury Transformer DEBUG] Writing com/starfish_studios/bbb/block/FacingConnectingBlock with maxs=true frames=true
[Architectury Transformer DEBUG] Transforming from com/starfish_studios/bbb/block/ColumnBlock.class to com/starfish_studios/bbb/block/ColumnBlock.class with 6 transformer(s) on dev.architectury.transformer.handler.TinyRemapperPreparedTransformerHandler
[Architectury Transformer DEBUG] Remapping with 1 mapping provider(s):
[Architectury Transformer DEBUG]  - dev.architectury.transformer.transformers.TransformNeoForgeEnvironment$$Lambda/0x00007fbcb802fa90@e7b265e
[Architectury Transformer DEBUG] Transformed com/starfish_studios/bbb/block/FacingConnectingBlock in 7.706 ms
[Architectury Transformer DEBUG] Remapping Classes:
[Architectury Transformer DEBUG] net/fabricmc/api/EnvType -> net/neoforged/api/distmarker/Dist
[Architectury Transformer DEBUG] net/fabricmc/api/Environment -> net/neoforged/api/distmarker/OnlyIn
[Architectury Transformer DEBUG] Found class transformer
[Architectury Transformer DEBUG] Writing com/starfish_studios/bbb/block/ColumnBlock with maxs=true frames=true
[Architectury Transformer DEBUG] Transforming from com/starfish_studios/bbb/registry/BBBTags$BBBBlockTags.class to com/starfish_studios/bbb/registry/BBBTags$BBBBlockTags.class with 6 transformer(s) on dev.architectury.transformer.handler.TinyRemapperPreparedTransformerHandler
[Architectury Transformer DEBUG] Remapping with 1 mapping provider(s):
[Architectury Transformer DEBUG] Transformed com/starfish_studios/bbb/block/ColumnBlock in 10.51 ms
[Architectury Transformer DEBUG]  - dev.architectury.transformer.transformers.TransformNeoForgeEnvironment$$Lambda/0x00007fbcb802fa90@e7b265e
[Architectury Transformer DEBUG] Remapping Classes:
[Architectury Transformer DEBUG] net/fabricmc/api/EnvType -> net/neoforged/api/distmarker/Dist
[Architectury Transformer DEBUG] net/fabricmc/api/Environment -> net/neoforged/api/distmarker/OnlyIn
[Architectury Transformer DEBUG] Found class transformer
[Architectury Transformer DEBUG] Writing com/starfish_studios/bbb/registry/BBBTags$BBBBlockTags with maxs=true frames=true
[Architectury Transformer DEBUG] Transformed com/starfish_studios/bbb/registry/BBBTags$BBBBlockTags in 6.416 ms
[Architectury Transformer DEBUG] Transforming from com/starfish_studios/bbb/block/BlockBlock$Type.class to com/starfish_studios/bbb/block/BlockBlock$Type.class with 6 transformer(s) on dev.architectury.transformer.handler.TinyRemapperPreparedTransformerHandler
[Architectury Transformer DEBUG] Remapping with 1 mapping provider(s):
[Architectury Transformer DEBUG]  - dev.architectury.transformer.transformers.TransformNeoForgeEnvironment$$Lambda/0x00007fbcb802fa90@e7b265e
[Architectury Transformer DEBUG] Remapping Classes:
[Architectury Transformer DEBUG] net/fabricmc/api/EnvType -> net/neoforged/api/distmarker/Dist
[Architectury Transformer DEBUG] net/fabricmc/api/Environment -> net/neoforged/api/distmarker/OnlyIn
[Architectury Transformer DEBUG] Found class transformer
[Architectury Transformer DEBUG] Writing com/starfish_studios/bbb/block/BlockBlock$Type with maxs=true frames=true
[Architectury Transformer DEBUG] Transforming from com/starfish_studios/bbb/registry/BBBTags$BBBItemTags.class to com/starfish_studios/bbb/registry/BBBTags$BBBItemTags.class with 6 transformer(s) on dev.architectury.transformer.handler.TinyRemapperPreparedTransformerHandler
[Architectury Transformer DEBUG] Transformed com/starfish_studios/bbb/block/BlockBlock$Type in 7.439 ms
[Architectury Transformer DEBUG] Remapping with 1 mapping provider(s):
[Architectury Transformer DEBUG]  - dev.architectury.transformer.transformers.TransformNeoForgeEnvironment$$Lambda/0x00007fbcb802fa90@e7b265e
[Architectury Transformer DEBUG] Remapping Classes:
[Architectury Transformer DEBUG] net/fabricmc/api/EnvType -> net/neoforged/api/distmarker/Dist
[Architectury Transformer DEBUG] net/fabricmc/api/Environment -> net/neoforged/api/distmarker/OnlyIn
[Architectury Transformer DEBUG] Found class transformer
[Architectury Transformer DEBUG] Writing com/starfish_studios/bbb/registry/BBBTags$BBBItemTags with maxs=true frames=true
[Architectury Transformer DEBUG] Transforming from com/starfish_studios/bbb/block/WallBlockBlock.class to com/starfish_studios/bbb/block/WallBlockBlock.class with 6 transformer(s) on dev.architectury.transformer.handler.TinyRemapperPreparedTransformerHandler
[Architectury Transformer DEBUG] Remapping with 1 mapping provider(s):
[Architectury Transformer DEBUG]  - dev.architectury.transformer.transformers.TransformNeoForgeEnvironment$$Lambda/0x00007fbcb802fa90@e7b265e
[Architectury Transformer DEBUG] Transformed com/starfish_studios/bbb/registry/BBBTags$BBBItemTags in 6.330 ms
[Architectury Transformer DEBUG] Remapping Classes:
[Architectury Transformer DEBUG] net/fabricmc/api/EnvType -> net/neoforged/api/distmarker/Dist
[Architectury Transformer DEBUG] net/fabricmc/api/Environment -> net/neoforged/api/distmarker/OnlyIn
[Architectury Transformer DEBUG] Found class transformer
[Architectury Transformer DEBUG] Writing com/starfish_studios/bbb/block/WallBlockBlock with maxs=true frames=true
[Architectury Transformer DEBUG] Transformed com/starfish_studios/bbb/block/WallBlockBlock in 6.395 ms
[Architectury Transformer DEBUG] Transforming from com/starfish_studios/bbb/block/AbstractBlockBlock.class to com/starfish_studios/bbb/block/AbstractBlockBlock.class with 6 transformer(s) on dev.architectury.transformer.handler.TinyRemapperPreparedTransformerHandler
[Architectury Transformer DEBUG] Remapping with 1 mapping provider(s):
[Architectury Transformer DEBUG]  - dev.architectury.transformer.transformers.TransformNeoForgeEnvironment$$Lambda/0x00007fbcb802fa90@e7b265e
[Architectury Transformer DEBUG] Remapping Classes:
[Architectury Transformer DEBUG] net/fabricmc/api/EnvType -> net/neoforged/api/distmarker/Dist
[Architectury Transformer DEBUG] net/fabricmc/api/Environment -> net/neoforged/api/distmarker/OnlyIn
[Architectury Transformer DEBUG] Found class transformer
[Architectury Transformer DEBUG] Writing com/starfish_studios/bbb/block/AbstractBlockBlock with maxs=true frames=true
[Architectury Transformer DEBUG] Transformed com/starfish_studios/bbb/block/AbstractBlockBlock in 3.324 ms
[Architectury Transformer DEBUG] Transforming from com/starfish_studios/bbb/block/BlockBlock.class to com/starfish_studios/bbb/block/BlockBlock.class with 6 transformer(s) on dev.architectury.transformer.handler.TinyRemapperPreparedTransformerHandler
[Architectury Transformer DEBUG] Remapping with 1 mapping provider(s):
[Architectury Transformer DEBUG]  - dev.architectury.transformer.transformers.TransformNeoForgeEnvironment$$Lambda/0x00007fbcb802fa90@e7b265e
[Architectury Transformer DEBUG] Remapping Classes:
[Architectury Transformer DEBUG] net/fabricmc/api/EnvType -> net/neoforged/api/distmarker/Dist
[Architectury Transformer DEBUG] net/fabricmc/api/Environment -> net/neoforged/api/distmarker/OnlyIn
[Architectury Transformer DEBUG] Found class transformer
[Architectury Transformer DEBUG] Writing com/starfish_studios/bbb/block/BlockBlock with maxs=true frames=true
[Architectury Transformer DEBUG] Transformed com/starfish_studios/bbb/block/BlockBlock in 3.241 ms
[Architectury Transformer DEBUG] Transforming from com/starfish_studios/bbb/block/LatticeBlock.class to com/starfish_studios/bbb/block/LatticeBlock.class with 6 transformer(s) on dev.architectury.transformer.handler.TinyRemapperPreparedTransformerHandler
[Architectury Transformer DEBUG] Remapping with 1 mapping provider(s):
[Architectury Transformer DEBUG]  - dev.architectury.transformer.transformers.TransformNeoForgeEnvironment$$Lambda/0x00007fbcb802fa90@e7b265e
[Architectury Transformer DEBUG] Remapping Classes:
[Architectury Transformer DEBUG] net/fabricmc/api/EnvType -> net/neoforged/api/distmarker/Dist
[Architectury Transformer DEBUG] net/fabricmc/api/Environment -> net/neoforged/api/distmarker/OnlyIn
[Architectury Transformer DEBUG] Found class transformer
[Architectury Transformer DEBUG] Writing com/starfish_studios/bbb/block/LatticeBlock with maxs=true frames=true
[Architectury Transformer DEBUG] Transformed com/starfish_studios/bbb/block/LatticeBlock in 5.832 ms
[Architectury Transformer DEBUG] Transforming from com/starfish_studios/bbb/block/BalustradeBlock.class to com/starfish_studios/bbb/block/BalustradeBlock.class with 6 transformer(s) on dev.architectury.transformer.handler.TinyRemapperPreparedTransformerHandler
[Architectury Transformer DEBUG] Remapping with 1 mapping provider(s):
[Architectury Transformer DEBUG]  - dev.architectury.transformer.transformers.TransformNeoForgeEnvironment$$Lambda/0x00007fbcb802fa90@e7b265e
[Architectury Transformer DEBUG] Remapping Classes:
[Architectury Transformer DEBUG] net/fabricmc/api/EnvType -> net/neoforged/api/distmarker/Dist
[Architectury Transformer DEBUG] net/fabricmc/api/Environment -> net/neoforged/api/distmarker/OnlyIn
[Architectury Transformer DEBUG] Found class transformer
[Architectury Transformer DEBUG] Writing com/starfish_studios/bbb/block/BalustradeBlock with maxs=true frames=true
[Architectury Transformer DEBUG] Transformed com/starfish_studios/bbb/block/BalustradeBlock in 6.386 ms
[Architectury Transformer DEBUG] Transforming from com/starfish_studios/bbb/block/BrazierBlock.class to com/starfish_studios/bbb/block/BrazierBlock.class with 6 transformer(s) on dev.architectury.transformer.handler.TinyRemapperPreparedTransformerHandler
[Architectury Transformer DEBUG] Remapping with 1 mapping provider(s):
[Architectury Transformer DEBUG]  - dev.architectury.transformer.transformers.TransformNeoForgeEnvironment$$Lambda/0x00007fbcb802fa90@e7b265e
[Architectury Transformer DEBUG] Remapping Classes:
[Architectury Transformer DEBUG] net/fabricmc/api/EnvType -> net/neoforged/api/distmarker/Dist
[Architectury Transformer DEBUG] net/fabricmc/api/Environment -> net/neoforged/api/distmarker/OnlyIn
[Architectury Transformer DEBUG] Found class transformer
[Architectury Transformer DEBUG] Writing com/starfish_studios/bbb/block/BrazierBlock with maxs=true frames=true
[Architectury Transformer DEBUG] Transformed com/starfish_studios/bbb/block/BrazierBlock in 5.906 ms
[Architectury Transformer DEBUG] Transforming from com/starfish_studios/bbb/block/WeatheringCopperLayerBlock.class to com/starfish_studios/bbb/block/WeatheringCopperLayerBlock.class with 6 transformer(s) on dev.architectury.transformer.handler.TinyRemapperPreparedTransformerHandler
[Architectury Transformer DEBUG] Remapping with 1 mapping provider(s):
[Architectury Transformer DEBUG]  - dev.architectury.transformer.transformers.TransformNeoForgeEnvironment$$Lambda/0x00007fbcb802fa90@e7b265e
[Architectury Transformer DEBUG] Remapping Classes:
[Architectury Transformer DEBUG] net/fabricmc/api/EnvType -> net/neoforged/api/distmarker/Dist
[Architectury Transformer DEBUG] net/fabricmc/api/Environment -> net/neoforged/api/distmarker/OnlyIn
[Architectury Transformer DEBUG] Found class transformer
[Architectury Transformer DEBUG] Writing com/starfish_studios/bbb/block/WeatheringCopperLayerBlock with maxs=true frames=true
[Architectury Transformer DEBUG] Transformed com/starfish_studios/bbb/block/WeatheringCopperLayerBlock in 3.778 ms
[Architectury Transformer DEBUG] Transforming from com/starfish_studios/bbb/block/WeatheringCopperLayer.class to com/starfish_studios/bbb/block/WeatheringCopperLayer.class with 6 transformer(s) on dev.architectury.transformer.handler.TinyRemapperPreparedTransformerHandler
[Architectury Transformer DEBUG] Remapping with 1 mapping provider(s):
[Architectury Transformer DEBUG]  - dev.architectury.transformer.transformers.TransformNeoForgeEnvironment$$Lambda/0x00007fbcb802fa90@e7b265e
[Architectury Transformer DEBUG] Remapping Classes:
[Architectury Transformer DEBUG] net/fabricmc/api/EnvType -> net/neoforged/api/distmarker/Dist
[Architectury Transformer DEBUG] net/fabricmc/api/Environment -> net/neoforged/api/distmarker/OnlyIn
[Architectury Transformer DEBUG] Found class transformer
[Architectury Transformer DEBUG] Writing com/starfish_studios/bbb/block/WeatheringCopperLayer with maxs=true frames=true
[Architectury Transformer DEBUG] Transformed com/starfish_studios/bbb/block/WeatheringCopperLayer in 4.547 ms
[Architectury Transformer DEBUG] Transforming from com/starfish_studios/bbb/block/IronFenceBlock.class to com/starfish_studios/bbb/block/IronFenceBlock.class with 6 transformer(s) on dev.architectury.transformer.handler.TinyRemapperPreparedTransformerHandler
[Architectury Transformer DEBUG] Remapping with 1 mapping provider(s):
[Architectury Transformer DEBUG]  - dev.architectury.transformer.transformers.TransformNeoForgeEnvironment$$Lambda/0x00007fbcb802fa90@e7b265e
[Architectury Transformer DEBUG] Remapping Classes:
[Architectury Transformer DEBUG] net/fabricmc/api/EnvType -> net/neoforged/api/distmarker/Dist
[Architectury Transformer DEBUG] net/fabricmc/api/Environment -> net/neoforged/api/distmarker/OnlyIn
[Architectury Transformer DEBUG] Found class transformer
[Architectury Transformer DEBUG] Writing com/starfish_studios/bbb/block/IronFenceBlock with maxs=true frames=true
[Architectury Transformer DEBUG] Transformed com/starfish_studios/bbb/block/IronFenceBlock in 5.900 ms
[Architectury Transformer DEBUG] Transforming from com/starfish_studios/bbb/registry/BBBWoodType.class to com/starfish_studios/bbb/registry/BBBWoodType.class with 6 transformer(s) on dev.architectury.transformer.handler.TinyRemapperPreparedTransformerHandler
[Architectury Transformer DEBUG] Remapping with 1 mapping provider(s):
[Architectury Transformer DEBUG]  - dev.architectury.transformer.transformers.TransformNeoForgeEnvironment$$Lambda/0x00007fbcb802fa90@e7b265e
[Architectury Transformer DEBUG] Remapping Classes:
[Architectury Transformer DEBUG] net/fabricmc/api/EnvType -> net/neoforged/api/distmarker/Dist
[Architectury Transformer DEBUG] net/fabricmc/api/Environment -> net/neoforged/api/distmarker/OnlyIn
[Architectury Transformer DEBUG] Found class transformer
[Architectury Transformer DEBUG] Writing com/starfish_studios/bbb/registry/BBBWoodType with maxs=true frames=true
[Architectury Transformer DEBUG] Transformed com/starfish_studios/bbb/registry/BBBWoodType in 6.548 ms
[Architectury Transformer DEBUG] Transforming from com/starfish_studios/bbb/registry/BBBItems.class to com/starfish_studios/bbb/registry/BBBItems.class with 6 transformer(s) on dev.architectury.transformer.handler.TinyRemapperPreparedTransformerHandler
[Architectury Transformer DEBUG] Remapping with 1 mapping provider(s):
[Architectury Transformer DEBUG]  - dev.architectury.transformer.transformers.TransformNeoForgeEnvironment$$Lambda/0x00007fbcb802fa90@e7b265e
[Architectury Transformer DEBUG] Remapping Classes:
[Architectury Transformer DEBUG] net/fabricmc/api/EnvType -> net/neoforged/api/distmarker/Dist
[Architectury Transformer DEBUG] net/fabricmc/api/Environment -> net/neoforged/api/distmarker/OnlyIn
[Architectury Transformer DEBUG] Found class transformer
[Architectury Transformer DEBUG] Writing com/starfish_studios/bbb/registry/BBBItems with maxs=true frames=true
[Architectury Transformer DEBUG] Transformed com/starfish_studios/bbb/registry/BBBItems in 7.156 ms
[Architectury Transformer DEBUG] Transforming from com/starfish_studios/bbb/item/HammerItem.class to com/starfish_studios/bbb/item/HammerItem.class with 6 transformer(s) on dev.architectury.transformer.handler.TinyRemapperPreparedTransformerHandler
[Architectury Transformer DEBUG] Remapping with 1 mapping provider(s):
[Architectury Transformer DEBUG]  - dev.architectury.transformer.transformers.TransformNeoForgeEnvironment$$Lambda/0x00007fbcb802fa90@e7b265e
[Architectury Transformer DEBUG] Remapping Classes:
[Architectury Transformer DEBUG] net/fabricmc/api/EnvType -> net/neoforged/api/distmarker/Dist
[Architectury Transformer DEBUG] net/fabricmc/api/Environment -> net/neoforged/api/distmarker/OnlyIn
[Architectury Transformer DEBUG] Found class transformer
[Architectury Transformer DEBUG] Writing com/starfish_studios/bbb/item/HammerItem with maxs=true frames=true
[Architectury Transformer DEBUG] Transformed com/starfish_studios/bbb/item/HammerItem in 4.150 ms
[Architectury Transformer DEBUG] Transforming from com/starfish_studios/bbb/registry/BBBBlockEntityType.class to com/starfish_studios/bbb/registry/BBBBlockEntityType.class with 6 transformer(s) on dev.architectury.transformer.handler.TinyRemapperPreparedTransformerHandler
[Architectury Transformer DEBUG] Remapping with 1 mapping provider(s):
[Architectury Transformer DEBUG]  - dev.architectury.transformer.transformers.TransformNeoForgeEnvironment$$Lambda/0x00007fbcb802fa90@e7b265e
[Architectury Transformer DEBUG] Remapping Classes:
[Architectury Transformer DEBUG] net/fabricmc/api/EnvType -> net/neoforged/api/distmarker/Dist
[Architectury Transformer DEBUG] net/fabricmc/api/Environment -> net/neoforged/api/distmarker/OnlyIn
[Architectury Transformer DEBUG] Found class transformer
[Architectury Transformer DEBUG] Writing com/starfish_studios/bbb/registry/BBBBlockEntityType with maxs=true frames=true
[Architectury Transformer DEBUG] Transformed com/starfish_studios/bbb/registry/BBBBlockEntityType in 3.432 ms
[Architectury Transformer DEBUG] Transforming from com/starfish_studios/bbb/registry/BBBCreativeModeTab.class to com/starfish_studios/bbb/registry/BBBCreativeModeTab.class with 6 transformer(s) on dev.architectury.transformer.handler.TinyRemapperPreparedTransformerHandler
[Architectury Transformer DEBUG] Remapping with 1 mapping provider(s):
[Architectury Transformer DEBUG]  - dev.architectury.transformer.transformers.TransformNeoForgeEnvironment$$Lambda/0x00007fbcb802fa90@e7b265e
[Architectury Transformer DEBUG] Remapping Classes:
[Architectury Transformer DEBUG] net/fabricmc/api/EnvType -> net/neoforged/api/distmarker/Dist
[Architectury Transformer DEBUG] net/fabricmc/api/Environment -> net/neoforged/api/distmarker/OnlyIn
[Architectury Transformer DEBUG] Found class transformer
[Architectury Transformer DEBUG] Writing com/starfish_studios/bbb/registry/BBBCreativeModeTab with maxs=true frames=true
[Architectury Transformer DEBUG] Transformed com/starfish_studios/bbb/registry/BBBCreativeModeTab in 3.676 ms
[Architectury Transformer DEBUG] Transforming from com/starfish_studios/bbb/registry/BBBSoundEvents.class to com/starfish_studios/bbb/registry/BBBSoundEvents.class with 6 transformer(s) on dev.architectury.transformer.handler.TinyRemapperPreparedTransformerHandler
[Architectury Transformer DEBUG] Remapping with 1 mapping provider(s):
[Architectury Transformer DEBUG]  - dev.architectury.transformer.transformers.TransformNeoForgeEnvironment$$Lambda/0x00007fbcb802fa90@e7b265e
[Architectury Transformer DEBUG] Remapping Classes:
[Architectury Transformer DEBUG] net/fabricmc/api/EnvType -> net/neoforged/api/distmarker/Dist
[Architectury Transformer DEBUG] net/fabricmc/api/Environment -> net/neoforged/api/distmarker/OnlyIn
[Architectury Transformer DEBUG] Found class transformer
[Architectury Transformer DEBUG] Writing com/starfish_studios/bbb/registry/BBBSoundEvents with maxs=true frames=true
[Architectury Transformer DEBUG] Transformed com/starfish_studios/bbb/registry/BBBSoundEvents in 3.299 ms
[Architectury Transformer DEBUG] Transforming from com/starfish_studios/bbb/block/entity/BlockBlockEntity.class to com/starfish_studios/bbb/block/entity/BlockBlockEntity.class with 6 transformer(s) on dev.architectury.transformer.handler.TinyRemapperPreparedTransformerHandler
[Architectury Transformer DEBUG] Remapping with 1 mapping provider(s):
[Architectury Transformer DEBUG]  - dev.architectury.transformer.transformers.TransformNeoForgeEnvironment$$Lambda/0x00007fbcb802fa90@e7b265e
[Architectury Transformer DEBUG] Remapping Classes:
[Architectury Transformer DEBUG] net/fabricmc/api/EnvType -> net/neoforged/api/distmarker/Dist
[Architectury Transformer DEBUG] net/fabricmc/api/Environment -> net/neoforged/api/distmarker/OnlyIn
[Architectury Transformer DEBUG] Found class transformer
[Architectury Transformer DEBUG] Writing com/starfish_studios/bbb/block/entity/BlockBlockEntity with maxs=true frames=true
[Architectury Transformer DEBUG] Transformed com/starfish_studios/bbb/block/entity/BlockBlockEntity in 6.193 ms
[Architectury Transformer DEBUG] Transforming from com/starfish_studios/bbb/block/BlockBlock$Types.class to com/starfish_studios/bbb/block/BlockBlock$Types.class with 6 transformer(s) on dev.architectury.transformer.handler.TinyRemapperPreparedTransformerHandler
[Architectury Transformer DEBUG] Remapping with 1 mapping provider(s):
[Architectury Transformer DEBUG]  - dev.architectury.transformer.transformers.TransformNeoForgeEnvironment$$Lambda/0x00007fbcb802fa90@e7b265e
[Architectury Transformer DEBUG] Remapping Classes:
[Architectury Transformer DEBUG] net/fabricmc/api/EnvType -> net/neoforged/api/distmarker/Dist
[Architectury Transformer DEBUG] net/fabricmc/api/Environment -> net/neoforged/api/distmarker/OnlyIn
[Architectury Transformer DEBUG] Found class transformer
[Architectury Transformer DEBUG] Writing com/starfish_studios/bbb/block/BlockBlock$Types with maxs=true frames=true
[Architectury Transformer DEBUG] Transformed com/starfish_studios/bbb/block/BlockBlock$Types in 3.244 ms
[Architectury Transformer DEBUG] Transforming from com/starfish_studios/bbb/block/properties/BBBBlockStateProperties.class to com/starfish_studios/bbb/block/properties/BBBBlockStateProperties.class with 6 transformer(s) on dev.architectury.transformer.handler.TinyRemapperPreparedTransformerHandler
[Architectury Transformer DEBUG] Remapping with 1 mapping provider(s):
[Architectury Transformer DEBUG]  - dev.architectury.transformer.transformers.TransformNeoForgeEnvironment$$Lambda/0x00007fbcb802fa90@e7b265e
[Architectury Transformer DEBUG] Remapping Classes:
[Architectury Transformer DEBUG] net/fabricmc/api/EnvType -> net/neoforged/api/distmarker/Dist
[Architectury Transformer DEBUG] net/fabricmc/api/Environment -> net/neoforged/api/distmarker/OnlyIn
[Architectury Transformer DEBUG] Found class transformer
[Architectury Transformer DEBUG] Writing com/starfish_studios/bbb/block/properties/BBBBlockStateProperties with maxs=true frames=true
[Architectury Transformer DEBUG] Transformed com/starfish_studios/bbb/block/properties/BBBBlockStateProperties in 5.226 ms
[Architectury Transformer DEBUG] Transforming from com/starfish_studios/bbb/block/properties/LatticeType.class to com/starfish_studios/bbb/block/properties/LatticeType.class with 6 transformer(s) on dev.architectury.transformer.handler.TinyRemapperPreparedTransformerHandler
[Architectury Transformer DEBUG] Remapping with 1 mapping provider(s):
[Architectury Transformer DEBUG]  - dev.architectury.transformer.transformers.TransformNeoForgeEnvironment$$Lambda/0x00007fbcb802fa90@e7b265e
[Architectury Transformer DEBUG] Remapping Classes:
[Architectury Transformer DEBUG] net/fabricmc/api/EnvType -> net/neoforged/api/distmarker/Dist
[Architectury Transformer DEBUG] net/fabricmc/api/Environment -> net/neoforged/api/distmarker/OnlyIn
[Architectury Transformer DEBUG] Found class transformer
[Architectury Transformer DEBUG] Writing com/starfish_studios/bbb/block/properties/LatticeType with maxs=true frames=true
[Architectury Transformer DEBUG] Transformed com/starfish_studios/bbb/block/properties/LatticeType in 3.664 ms
[Architectury Transformer DEBUG] Transforming from com/starfish_studios/bbb/block/properties/LatticePlantType.class to com/starfish_studios/bbb/block/properties/LatticePlantType.class with 6 transformer(s) on dev.architectury.transformer.handler.TinyRemapperPreparedTransformerHandler
[Architectury Transformer DEBUG] Remapping with 1 mapping provider(s):
[Architectury Transformer DEBUG]  - dev.architectury.transformer.transformers.TransformNeoForgeEnvironment$$Lambda/0x00007fbcb802fa90@e7b265e
[Architectury Transformer DEBUG] Remapping Classes:
[Architectury Transformer DEBUG] net/fabricmc/api/EnvType -> net/neoforged/api/distmarker/Dist
[Architectury Transformer DEBUG] net/fabricmc/api/Environment -> net/neoforged/api/distmarker/OnlyIn
[Architectury Transformer DEBUG] Found class transformer
[Architectury Transformer DEBUG] Writing com/starfish_studios/bbb/block/properties/LatticePlantType with maxs=true frames=true
[Architectury Transformer DEBUG] Transformed com/starfish_studios/bbb/block/properties/LatticePlantType in 4.075 ms
[Architectury Transformer DEBUG] Transforming from com/starfish_studios/bbb/block/properties/FrameStickDirection.class to com/starfish_studios/bbb/block/properties/FrameStickDirection.class with 6 transformer(s) on dev.architectury.transformer.handler.TinyRemapperPreparedTransformerHandler
[Architectury Transformer DEBUG] Remapping with 1 mapping provider(s):
[Architectury Transformer DEBUG]  - dev.architectury.transformer.transformers.TransformNeoForgeEnvironment$$Lambda/0x00007fbcb802fa90@e7b265e
[Architectury Transformer DEBUG] Remapping Classes:
[Architectury Transformer DEBUG] net/fabricmc/api/EnvType -> net/neoforged/api/distmarker/Dist
[Architectury Transformer DEBUG] net/fabricmc/api/Environment -> net/neoforged/api/distmarker/OnlyIn
[Architectury Transformer DEBUG] Found class transformer
[Architectury Transformer DEBUG] Writing com/starfish_studios/bbb/block/properties/FrameStickDirection with maxs=true frames=true
[Architectury Transformer DEBUG] Transformed com/starfish_studios/bbb/block/properties/FrameStickDirection in 4.170 ms
[Architectury Transformer DEBUG] Transforming from com/starfish_studios/bbb/block/properties/ColumnType.class to com/starfish_studios/bbb/block/properties/ColumnType.class with 6 transformer(s) on dev.architectury.transformer.handler.TinyRemapperPreparedTransformerHandler
[Architectury Transformer DEBUG] Remapping with 1 mapping provider(s):
[Architectury Transformer DEBUG]  - dev.architectury.transformer.transformers.TransformNeoForgeEnvironment$$Lambda/0x00007fbcb802fa90@e7b265e
[Architectury Transformer DEBUG] Remapping Classes:
[Architectury Transformer DEBUG] net/fabricmc/api/EnvType -> net/neoforged/api/distmarker/Dist
[Architectury Transformer DEBUG] net/fabricmc/api/Environment -> net/neoforged/api/distmarker/OnlyIn
[Architectury Transformer DEBUG] Found class transformer
[Architectury Transformer DEBUG] Writing com/starfish_studios/bbb/block/properties/ColumnType with maxs=true frames=true
[Architectury Transformer DEBUG] Transformed com/starfish_studios/bbb/block/properties/ColumnType in 3.098 ms
[Architectury Transformer DEBUG] Transforming from com/starfish_studios/bbb/block/properties/TallDoorHalf.class to com/starfish_studios/bbb/block/properties/TallDoorHalf.class with 6 transformer(s) on dev.architectury.transformer.handler.TinyRemapperPreparedTransformerHandler
[Architectury Transformer DEBUG] Remapping with 1 mapping provider(s):
[Architectury Transformer DEBUG]  - dev.architectury.transformer.transformers.TransformNeoForgeEnvironment$$Lambda/0x00007fbcb802fa90@e7b265e
[Architectury Transformer DEBUG] Remapping Classes:
[Architectury Transformer DEBUG] net/fabricmc/api/EnvType -> net/neoforged/api/distmarker/Dist
[Architectury Transformer DEBUG] net/fabricmc/api/Environment -> net/neoforged/api/distmarker/OnlyIn
[Architectury Transformer DEBUG] Found class transformer
[Architectury Transformer DEBUG] Writing com/starfish_studios/bbb/block/properties/TallDoorHalf with maxs=true frames=true
[Architectury Transformer DEBUG] Transformed com/starfish_studios/bbb/block/properties/TallDoorHalf in 3.092 ms
[Architectury Transformer DEBUG] Transforming from com/starfish_studios/bbb/block/properties/LayerNumber.class to com/starfish_studios/bbb/block/properties/LayerNumber.class with 6 transformer(s) on dev.architectury.transformer.handler.TinyRemapperPreparedTransformerHandler
[Architectury Transformer DEBUG] Remapping with 1 mapping provider(s):
[Architectury Transformer DEBUG]  - dev.architectury.transformer.transformers.TransformNeoForgeEnvironment$$Lambda/0x00007fbcb802fa90@e7b265e
[Architectury Transformer DEBUG] Remapping Classes:
[Architectury Transformer DEBUG] net/fabricmc/api/EnvType -> net/neoforged/api/distmarker/Dist
[Architectury Transformer DEBUG] net/fabricmc/api/Environment -> net/neoforged/api/distmarker/OnlyIn
[Architectury Transformer DEBUG] Found class transformer
[Architectury Transformer DEBUG] Writing com/starfish_studios/bbb/block/properties/LayerNumber with maxs=true frames=true
[Architectury Transformer DEBUG] Transformed com/starfish_studios/bbb/block/properties/LayerNumber in 4.189 ms
[Architectury Transformer DEBUG] Transforming from com/starfish_studios/bbb/block/WeatheringCopperLayer$WeatherState.class to com/starfish_studios/bbb/block/WeatheringCopperLayer$WeatherState.class with 6 transformer(s) on dev.architectury.transformer.handler.TinyRemapperPreparedTransformerHandler
[Architectury Transformer DEBUG] Remapping with 1 mapping provider(s):
[Architectury Transformer DEBUG]  - dev.architectury.transformer.transformers.TransformNeoForgeEnvironment$$Lambda/0x00007fbcb802fa90@e7b265e
[Architectury Transformer DEBUG] Remapping Classes:
[Architectury Transformer DEBUG] net/fabricmc/api/EnvType -> net/neoforged/api/distmarker/Dist
[Architectury Transformer DEBUG] net/fabricmc/api/Environment -> net/neoforged/api/distmarker/OnlyIn
[Architectury Transformer DEBUG] Found class transformer
[Architectury Transformer DEBUG] Writing com/starfish_studios/bbb/block/WeatheringCopperLayer$WeatherState with maxs=true frames=true
[Architectury Transformer DEBUG] Transformed com/starfish_studios/bbb/block/WeatheringCopperLayer$WeatherState in 3.630 ms
[Architectury Transformer DEBUG] Transforming from com/starfish_studios/bbb/block/LayerBlock$1.class to com/starfish_studios/bbb/block/LayerBlock$1.class with 6 transformer(s) on dev.architectury.transformer.handler.TinyRemapperPreparedTransformerHandler
[Architectury Transformer DEBUG] Remapping with 1 mapping provider(s):
[Architectury Transformer DEBUG]  - dev.architectury.transformer.transformers.TransformNeoForgeEnvironment$$Lambda/0x00007fbcb802fa90@e7b265e
[Architectury Transformer DEBUG] Remapping Classes:
[Architectury Transformer DEBUG] net/fabricmc/api/EnvType -> net/neoforged/api/distmarker/Dist
[Architectury Transformer DEBUG] net/fabricmc/api/Environment -> net/neoforged/api/distmarker/OnlyIn
[Architectury Transformer DEBUG] Found class transformer
[Architectury Transformer DEBUG] Writing com/starfish_studios/bbb/block/LayerBlock$1 with maxs=true frames=true
[Architectury Transformer DEBUG] Transformed com/starfish_studios/bbb/block/LayerBlock$1 in 3.233 ms
[Architectury Transformer DEBUG] Transforming from com/starfish_studios/bbb/block/BalustradeBlock$1.class to com/starfish_studios/bbb/block/BalustradeBlock$1.class with 6 transformer(s) on dev.architectury.transformer.handler.TinyRemapperPreparedTransformerHandler
[Architectury Transformer DEBUG] Remapping with 1 mapping provider(s):
[Architectury Transformer DEBUG]  - dev.architectury.transformer.transformers.TransformNeoForgeEnvironment$$Lambda/0x00007fbcb802fa90@e7b265e
[Architectury Transformer DEBUG] Remapping Classes:
[Architectury Transformer DEBUG] net/fabricmc/api/EnvType -> net/neoforged/api/distmarker/Dist
[Architectury Transformer DEBUG] net/fabricmc/api/Environment -> net/neoforged/api/distmarker/OnlyIn
[Architectury Transformer DEBUG] Found class transformer
[Architectury Transformer DEBUG] Writing com/starfish_studios/bbb/block/BalustradeBlock$1 with maxs=true frames=true
[Architectury Transformer DEBUG] Transformed com/starfish_studios/bbb/block/BalustradeBlock$1 in 3.334 ms
[Architectury Transformer DEBUG] Transforming from com/starfish_studios/bbb/block/PalletBlock$1.class to com/starfish_studios/bbb/block/PalletBlock$1.class with 6 transformer(s) on dev.architectury.transformer.handler.TinyRemapperPreparedTransformerHandler
[Architectury Transformer DEBUG] Remapping with 1 mapping provider(s):
[Architectury Transformer DEBUG]  - dev.architectury.transformer.transformers.TransformNeoForgeEnvironment$$Lambda/0x00007fbcb802fa90@e7b265e
[Architectury Transformer DEBUG] Remapping Classes:
[Architectury Transformer DEBUG] net/fabricmc/api/EnvType -> net/neoforged/api/distmarker/Dist
[Architectury Transformer DEBUG] net/fabricmc/api/Environment -> net/neoforged/api/distmarker/OnlyIn
[Architectury Transformer DEBUG] Found class transformer
[Architectury Transformer DEBUG] Writing com/starfish_studios/bbb/block/PalletBlock$1 with maxs=true frames=true
[Architectury Transformer DEBUG] Transformed com/starfish_studios/bbb/block/PalletBlock$1 in 3.106 ms
[Architectury Transformer DEBUG] Transforming from com/starfish_studios/bbb/block/SupportBlock$1.class to com/starfish_studios/bbb/block/SupportBlock$1.class with 6 transformer(s) on dev.architectury.transformer.handler.TinyRemapperPreparedTransformerHandler
[Architectury Transformer DEBUG] Remapping with 1 mapping provider(s):
[Architectury Transformer DEBUG]  - dev.architectury.transformer.transformers.TransformNeoForgeEnvironment$$Lambda/0x00007fbcb802fa90@e7b265e
[Architectury Transformer DEBUG] Remapping Classes:
[Architectury Transformer DEBUG] net/fabricmc/api/EnvType -> net/neoforged/api/distmarker/Dist
[Architectury Transformer DEBUG] net/fabricmc/api/Environment -> net/neoforged/api/distmarker/OnlyIn
[Architectury Transformer DEBUG] Found class transformer
[Architectury Transformer DEBUG] Writing com/starfish_studios/bbb/block/SupportBlock$1 with maxs=true frames=true
[Architectury Transformer DEBUG] Transformed com/starfish_studios/bbb/block/SupportBlock$1 in 2.946 ms
[Architectury Transformer DEBUG] Transforming from com/starfish_studios/bbb/block/FacingSlabBlock$1.class to com/starfish_studios/bbb/block/FacingSlabBlock$1.class with 6 transformer(s) on dev.architectury.transformer.handler.TinyRemapperPreparedTransformerHandler
[Architectury Transformer DEBUG] Remapping with 1 mapping provider(s):
[Architectury Transformer DEBUG]  - dev.architectury.transformer.transformers.TransformNeoForgeEnvironment$$Lambda/0x00007fbcb802fa90@e7b265e
[Architectury Transformer DEBUG] Remapping Classes:
[Architectury Transformer DEBUG] net/fabricmc/api/EnvType -> net/neoforged/api/distmarker/Dist
[Architectury Transformer DEBUG] net/fabricmc/api/Environment -> net/neoforged/api/distmarker/OnlyIn
[Architectury Transformer DEBUG] Found class transformer
[Architectury Transformer DEBUG] Writing com/starfish_studios/bbb/block/FacingSlabBlock$1 with maxs=true frames=true
[Architectury Transformer DEBUG] Transformed com/starfish_studios/bbb/block/FacingSlabBlock$1 in 3.105 ms
[Architectury Transformer DEBUG] Transforming from com/starfish_studios/bbb/block/MouldingBlock$1.class to com/starfish_studios/bbb/block/MouldingBlock$1.class with 6 transformer(s) on dev.architectury.transformer.handler.TinyRemapperPreparedTransformerHandler
[Architectury Transformer DEBUG] Remapping with 1 mapping provider(s):
[Architectury Transformer DEBUG]  - dev.architectury.transformer.transformers.TransformNeoForgeEnvironment$$Lambda/0x00007fbcb802fa90@e7b265e
[Architectury Transformer DEBUG] Remapping Classes:
[Architectury Transformer DEBUG] net/fabricmc/api/EnvType -> net/neoforged/api/distmarker/Dist
[Architectury Transformer DEBUG] net/fabricmc/api/Environment -> net/neoforged/api/distmarker/OnlyIn
[Architectury Transformer DEBUG] Found class transformer
[Architectury Transformer DEBUG] Writing com/starfish_studios/bbb/block/MouldingBlock$1 with maxs=true frames=true
[Architectury Transformer DEBUG] Transformed com/starfish_studios/bbb/block/MouldingBlock$1 in 3.355 ms
[Architectury Transformer DEBUG] Transforming from com/starfish_studios/bbb/client/model/BBBModelLayers.class to com/starfish_studios/bbb/client/model/BBBModelLayers.class with 6 transformer(s) on dev.architectury.transformer.handler.TinyRemapperPreparedTransformerHandler
[Architectury Transformer DEBUG] Remapping with 1 mapping provider(s):
[Architectury Transformer DEBUG]  - dev.architectury.transformer.transformers.TransformNeoForgeEnvironment$$Lambda/0x00007fbcb802fa90@e7b265e
[Architectury Transformer DEBUG] Remapping Classes:
[Architectury Transformer DEBUG] net/fabricmc/api/EnvType -> net/neoforged/api/distmarker/Dist
[Architectury Transformer DEBUG] net/fabricmc/api/Environment -> net/neoforged/api/distmarker/OnlyIn
[Architectury Transformer DEBUG] Found class transformer
[Architectury Transformer DEBUG] Writing com/starfish_studios/bbb/client/model/BBBModelLayers with maxs=true frames=true
[Architectury Transformer DEBUG] Transformed com/starfish_studios/bbb/client/model/BBBModelLayers in 2.982 ms
[Architectury Transformer DEBUG] Transforming from com/starfish_studios/bbb/client/model/BlockModel.class to com/starfish_studios/bbb/client/model/BlockModel.class with 6 transformer(s) on dev.architectury.transformer.handler.TinyRemapperPreparedTransformerHandler
[Architectury Transformer DEBUG] Remapping with 1 mapping provider(s):
[Architectury Transformer DEBUG]  - dev.architectury.transformer.transformers.TransformNeoForgeEnvironment$$Lambda/0x00007fbcb802fa90@e7b265e
[Architectury Transformer DEBUG] Remapping Classes:
[Architectury Transformer DEBUG] net/fabricmc/api/EnvType -> net/neoforged/api/distmarker/Dist
[Architectury Transformer DEBUG] net/fabricmc/api/Environment -> net/neoforged/api/distmarker/OnlyIn
[Architectury Transformer DEBUG] Found class transformer
[Architectury Transformer DEBUG] Writing com/starfish_studios/bbb/client/model/BlockModel with maxs=true frames=true
[Architectury Transformer DEBUG] Transformed com/starfish_studios/bbb/client/model/BlockModel in 2.514 ms
[Architectury Transformer DEBUG] Transforming from com/starfish_studios/bbb/BuildingButBetterClient.class to com/starfish_studios/bbb/BuildingButBetterClient.class with 6 transformer(s) on dev.architectury.transformer.handler.TinyRemapperPreparedTransformerHandler
[Architectury Transformer DEBUG] Remapping with 1 mapping provider(s):
[Architectury Transformer DEBUG]  - dev.architectury.transformer.transformers.TransformNeoForgeEnvironment$$Lambda/0x00007fbcb802fa90@e7b265e
[Architectury Transformer DEBUG] Remapping Classes:
[Architectury Transformer DEBUG] net/fabricmc/api/EnvType -> net/neoforged/api/distmarker/Dist
[Architectury Transformer DEBUG] net/fabricmc/api/Environment -> net/neoforged/api/distmarker/OnlyIn
[Architectury Transformer DEBUG] Found class transformer
[Architectury Transformer DEBUG] Writing com/starfish_studios/bbb/BuildingButBetterClient with maxs=true frames=true
[Architectury Transformer DEBUG] Transformed com/starfish_studios/bbb/BuildingButBetterClient in 26.57 ms
[Architectury Transformer DEBUG] Transforming from com/starfish_studios/bbb/BBBVanillaIntegration$Client.class to com/starfish_studios/bbb/BBBVanillaIntegration$Client.class with 6 transformer(s) on dev.architectury.transformer.handler.TinyRemapperPreparedTransformerHandler
[Architectury Transformer DEBUG] Remapping with 1 mapping provider(s):
[Architectury Transformer DEBUG]  - dev.architectury.transformer.transformers.TransformNeoForgeEnvironment$$Lambda/0x00007fbcb802fa90@e7b265e
[Architectury Transformer DEBUG] Remapping Classes:
[Architectury Transformer DEBUG] net/fabricmc/api/EnvType -> net/neoforged/api/distmarker/Dist
[Architectury Transformer DEBUG] net/fabricmc/api/Environment -> net/neoforged/api/distmarker/OnlyIn
[Architectury Transformer DEBUG] Found class transformer
[Architectury Transformer DEBUG] Writing com/starfish_studios/bbb/BBBVanillaIntegration$Client with maxs=true frames=true
[Architectury Transformer DEBUG] Transformed com/starfish_studios/bbb/BBBVanillaIntegration$Client in 20.98 ms
[Architectury Transformer DEBUG] Transforming from com/starfish_studios/bbb/BBBVanillaIntegration.class to com/starfish_studios/bbb/BBBVanillaIntegration.class with 6 transformer(s) on dev.architectury.transformer.handler.TinyRemapperPreparedTransformerHandler
[Architectury Transformer DEBUG] Remapping with 1 mapping provider(s):
[Architectury Transformer DEBUG]  - dev.architectury.transformer.transformers.TransformNeoForgeEnvironment$$Lambda/0x00007fbcb802fa90@e7b265e
[Architectury Transformer DEBUG] Remapping Classes:
[Architectury Transformer DEBUG] net/fabricmc/api/EnvType -> net/neoforged/api/distmarker/Dist
[Architectury Transformer DEBUG] net/fabricmc/api/Environment -> net/neoforged/api/distmarker/OnlyIn
[Architectury Transformer DEBUG] Found class transformer
[Architectury Transformer DEBUG] Writing com/starfish_studios/bbb/BBBVanillaIntegration with maxs=true frames=true
[Architectury Transformer DEBUG] Transformed com/starfish_studios/bbb/BBBVanillaIntegration in 15.97 ms
[Architectury Transformer DEBUG] Transforming from com/starfish_studios/bbb/client/renderer/blockentity/BlockBlockRenderer.class to com/starfish_studios/bbb/client/renderer/blockentity/BlockBlockRenderer.class with 6 transformer(s) on dev.architectury.transformer.handler.TinyRemapperPreparedTransformerHandler
[Architectury Transformer DEBUG] Remapping with 1 mapping provider(s):
[Architectury Transformer DEBUG]  - dev.architectury.transformer.transformers.TransformNeoForgeEnvironment$$Lambda/0x00007fbcb802fa90@e7b265e
[Architectury Transformer DEBUG] Remapping Classes:
[Architectury Transformer DEBUG] net/fabricmc/api/EnvType -> net/neoforged/api/distmarker/Dist
[Architectury Transformer DEBUG] net/fabricmc/api/Environment -> net/neoforged/api/distmarker/OnlyIn
[Architectury Transformer DEBUG] Found class transformer
[Architectury Transformer DEBUG] Writing com/starfish_studios/bbb/client/renderer/blockentity/BlockBlockRenderer with maxs=true frames=true
[Architectury Transformer DEBUG] Transformed com/starfish_studios/bbb/client/renderer/blockentity/BlockBlockRenderer in 5.081 ms
